Unity Editor version:    2020.3.27f1 (e759542391ea)
Branch:                  2020.3/release
Build type:              Release
Batch mode:              YES
macOS version:           Version 11.2.1 (Build 20D74)
Darwin version:          20.3.0
Architecture:            x86_64
Running under Rosetta:   NO
Available memory:        16384 MB
Using pre-set license
Pro License: NO

COMMAND LINE ARGUMENTS:
/Users/game1/Downloads/2020.3.27f1/Unity.app/Contents/MacOS/Unity
-adb2
-batchMode
-noUpm
-name
AssetImportWorker0
-projectPath
/Users/game1/My project
-logFile
Logs/AssetImportWorker0.log
-srvPort
59103
Successfully changed project path to: /Users/game1/My project
/Users/game1/My project
Using Asset Import Pipeline V2.
Refreshing native plugins compatible for Editor in 36.90 ms, found 3 plugins.
Preloading 0 native plugins for Editor in 0.00 ms.
Initialize engine version: 2020.3.27f1 (e759542391ea)
[Subsystems] Discovering subsystems at path /Users/game1/Downloads/2020.3.27f1/Unity.app/Contents/Resources/UnitySubsystems
[Subsystems] Discovering subsystems at path /Users/game1/My project/Assets
GfxDevice: creating device client; threaded=0
2023-01-11 08:36:28.074 Unity[64414:7955237] iMac preferred device: AMD Radeon Pro 5500 XT (high power)
2023-01-11 08:36:28.074 Unity[64414:7955237] Metal devices available: 1
2023-01-11 08:36:28.074 Unity[64414:7955237] 0: AMD Radeon Pro 5500 XT (high power)
2023-01-11 08:36:28.074 Unity[64414:7955237] Using device AMD Radeon Pro 5500 XT (high power)
Initializing Metal device caps: AMD Radeon Pro 5500 XT
Initialize mono
Mono path[0] = '/Users/game1/Downloads/2020.3.27f1/Unity.app/Contents/Managed'
Mono path[1] = '/Users/game1/Downloads/2020.3.27f1/Unity.app/Contents/MonoBleedingEdge/lib/mono/unityjit'
Mono config path = '/Users/game1/Downloads/2020.3.27f1/Unity.app/Contents/MonoBleedingEdge/etc'
Using monoOptions --debugger-agent=transport=dt_socket,embedding=1,server=y,suspend=n,address=127.0.0.1:56414
Begin MonoManager ReloadAssembly
Registering precompiled unity dll's ...
Register platform support module: /Users/game1/Downloads/2020.3.27f1/Unity.app/Contents/PlaybackEngines/MacStandaloneSupport/UnityEditor.OSXStandalone.Extensions.dll
Registered in 0.000400 seconds.
Native extension for OSXStandalone target not found
Refreshing native plugins compatible for Editor in 37.25 ms, found 3 plugins.
Preloading 0 native plugins for Editor in 0.00 ms.
Mono: successfully reloaded assembly
- Completed reload, in  0.534 seconds
Domain Reload Profiling:
	ReloadAssembly (535ms)
		BeginReloadAssembly (37ms)
			ExecutionOrderSort (0ms)
			DisableScriptedObjects (0ms)
			BackupInstance (0ms)
			ReleaseScriptingObjects (0ms)
			CreateAndSetChildDomain (1ms)
		EndReloadAssembly (432ms)
			LoadAssemblies (36ms)
			RebuildTransferFunctionScriptingTraits (0ms)
			SetupTypeCache (158ms)
			ReleaseScriptCaches (0ms)
			RebuildScriptCaches (33ms)
			SetupLoadedEditorAssemblies (168ms)
				LogAssemblyErrors (0ms)
				InitializePlatformSupportModulesInManaged (4ms)
				SetLoadedEditorAssemblies (0ms)
				RefreshPlugins (37ms)
				BeforeProcessingInitializeOnLoad (9ms)
				ProcessInitializeOnLoadAttributes (91ms)
				ProcessInitializeOnLoadMethodAttributes (26ms)
				AfterProcessingInitializeOnLoad (0ms)
				EditorAssembliesLoaded (0ms)
			ExecutionOrderSort2 (0ms)
			AwakeInstancesAfterBackupRestoration (0ms)
Platform modules already initialized, skipping
Registering precompiled user dll's ...
Registered in 0.003004 seconds.
Begin MonoManager ReloadAssembly
Native extension for OSXStandalone target not found
Refreshing native plugins compatible for Editor in 36.95 ms, found 3 plugins.
Preloading 0 native plugins for Editor in 0.00 ms.
Mono: successfully reloaded assembly
- Completed reload, in  1.094 seconds
Domain Reload Profiling:
	ReloadAssembly (1094ms)
		BeginReloadAssembly (133ms)
			ExecutionOrderSort (0ms)
			DisableScriptedObjects (4ms)
			BackupInstance (0ms)
			ReleaseScriptingObjects (0ms)
			CreateAndSetChildDomain (26ms)
		EndReloadAssembly (906ms)
			LoadAssemblies (90ms)
			RebuildTransferFunctionScriptingTraits (0ms)
			SetupTypeCache (318ms)
			ReleaseScriptCaches (0ms)
			RebuildScriptCaches (55ms)
			SetupLoadedEditorAssemblies (326ms)
				LogAssemblyErrors (0ms)
				InitializePlatformSupportModulesInManaged (3ms)
				SetLoadedEditorAssemblies (0ms)
				RefreshPlugins (37ms)
				BeforeProcessingInitializeOnLoad (64ms)
				ProcessInitializeOnLoadAttributes (205ms)
				ProcessInitializeOnLoadMethodAttributes (16ms)
				AfterProcessingInitializeOnLoad (1ms)
				EditorAssembliesLoaded (0ms)
			ExecutionOrderSort2 (0ms)
			AwakeInstancesAfterBackupRestoration (6ms)
Platform modules already initialized, skipping
Validating Project structure ... 0.001471 seconds.
Shader import version has changed; will reimport all shaders...
Upgrading shader files ...0.002745 seconds.
Application.AssetDatabase Initial Script Refresh Start
RefreshInfo: InitialScriptRefreshV2(NoUpdateAssetOptions) scanfilter:  ... 1 filters
RefreshProfiler: Total: 0.000ms
Application.AssetDatabase Initial Script Refresh End
Application.AssetDatabase.Refresh Start
Application.AssetDatabase.Refresh End
RefreshInfo: StopAssetImportingV2(ForceSynchronousImport) scanfilter: 
RefreshProfiler: Total: 0.000ms
Launching external process: /Users/game1/Downloads/2020.3.27f1/Unity.app/Contents/Tools/UnityShaderCompiler
Launched and connected shader compiler UnityShaderCompiler after 0.01 seconds
Initializing Unity extensions:
========================================================================
Worker process is ready to serve import requests
Refreshing native plugins compatible for Editor in 0.39 ms, found 3 plugins.
Preloading 0 native plugins for Editor in 0.00 ms.
Unloading 2354 Unused Serialized files (Serialized files now loaded: 0)
System memory in use before: 220.0 MB.
System memory in use after: 219.0 MB.

Unloading 159 unused Assets to reduce memory usage. Loaded Objects now: 2822.
Total: 2.972201 ms (FindLiveObjects: 0.177648 ms CreateObjectMapping: 0.092216 ms MarkObjects: 2.243387 ms  DeleteObjects: 0.458453 ms)

AssetImportParameters requested are different than current active one (requested -> active):
  custom:video-decoder-ogg-theora: a1e56fd34408186e4bbccfd4996cb3dc -> 
  custom:container-muxer-webm: aa71ff27fc2769a1b78a27578f13a17b -> 
  custom:container-demuxer-webm: 4f35f7cbe854078d1ac9338744f61a02 -> 
  custom:container-demuxer-ogg: 62fdf1f143b41e24485cea50d1cbac27 -> 
  custom:video-encoder-webm-vp8: eb34c28f22e8b96e1ab97ce403110664 -> 
  custom:framework-osx-AVFoundation: e770b220cccbd017edd2c1fefb359320 -> 
  custom:video-decoder-webm-vp8: 9c59270c3fd7afecdb556c50c9e8de78 -> 
  custom:audio-decoder-ogg-vorbis: bf7c407c2cedff20999df2af8eb42d56 -> 
  custom:audio-encoder-webm-vorbis: bf7c407c2cedff20999df2af8eb42d56 -> 
========================================================================
Received Import Request.
  path: Assets/Art/Prefabs/bot.prefab
  artifactKey: Guid(ee117636c076e497780afdc468e92344) Importer(815301076,1909f56bfc062723c751e8b465ee728b)
Start importing Assets/Art/Prefabs/bot.prefab using Guid(ee117636c076e497780afdc468e92344) Importer(815301076,1909f56bfc062723c751e8b465ee728b)  -> (artifact id: '3731192981e4278e39721c3ac1525607') in 0.906653 seconds 
  Import took 0.913354 seconds .

========================================================================
Received Prepare
Registering precompiled user dll's ...
Registered in 0.002518 seconds.
Begin MonoManager ReloadAssembly
Native extension for OSXStandalone target not found
Refreshing native plugins compatible for Editor in 0.43 ms, found 3 plugins.
Preloading 0 native plugins for Editor in 0.00 ms.
Mono: successfully reloaded assembly
- Completed reload, in  1.000 seconds
Domain Reload Profiling:
	ReloadAssembly (1014ms)
		BeginReloadAssembly (116ms)
			ExecutionOrderSort (0ms)
			DisableScriptedObjects (6ms)
			BackupInstance (0ms)
			ReleaseScriptingObjects (0ms)
			CreateAndSetChildDomain (50ms)
		EndReloadAssembly (843ms)
			LoadAssemblies (62ms)
			RebuildTransferFunctionScriptingTraits (0ms)
			SetupTypeCache (308ms)
			ReleaseScriptCaches (1ms)
			RebuildScriptCaches (49ms)
			SetupLoadedEditorAssemblies (313ms)
				LogAssemblyErrors (0ms)
				InitializePlatformSupportModulesInManaged (4ms)
				SetLoadedEditorAssemblies (0ms)
				RefreshPlugins (0ms)
				BeforeProcessingInitializeOnLoad (103ms)
				ProcessInitializeOnLoadAttributes (194ms)
				ProcessInitializeOnLoadMethodAttributes (10ms)
				AfterProcessingInitializeOnLoad (1ms)
				EditorAssembliesLoaded (0ms)
			ExecutionOrderSort2 (0ms)
			AwakeInstancesAfterBackupRestoration (8ms)
Platform modules already initialized, skipping
Refreshing native plugins compatible for Editor in 0.43 ms, found 3 plugins.
Preloading 0 native plugins for Editor in 0.00 ms.
Unloading 2345 Unused Serialized files (Serialized files now loaded: 0)
System memory in use before: 224.6 MB.
System memory in use after: 224.6 MB.

Unloading 27 unused Assets to reduce memory usage. Loaded Objects now: 2831.
Total: 2.574261 ms (FindLiveObjects: 0.174407 ms CreateObjectMapping: 0.097904 ms MarkObjects: 2.208525 ms  DeleteObjects: 0.092770 ms)

AssetImportParameters requested are different than current active one (requested -> active):
  custom:video-decoder-ogg-theora: a1e56fd34408186e4bbccfd4996cb3dc -> 
  custom:container-muxer-webm: aa71ff27fc2769a1b78a27578f13a17b -> 
  custom:container-demuxer-webm: 4f35f7cbe854078d1ac9338744f61a02 -> 
  custom:container-demuxer-ogg: 62fdf1f143b41e24485cea50d1cbac27 -> 
  custom:video-encoder-webm-vp8: eb34c28f22e8b96e1ab97ce403110664 -> 
  custom:framework-osx-AVFoundation: e770b220cccbd017edd2c1fefb359320 -> 
  custom:video-decoder-webm-vp8: 9c59270c3fd7afecdb556c50c9e8de78 -> 
  custom:audio-decoder-ogg-vorbis: bf7c407c2cedff20999df2af8eb42d56 -> 
  custom:audio-encoder-webm-vorbis: bf7c407c2cedff20999df2af8eb42d56 -> 
========================================================================
Received Prepare
Registering precompiled user dll's ...
Registered in 0.003369 seconds.
Begin MonoManager ReloadAssembly
Native extension for OSXStandalone target not found
Refreshing native plugins compatible for Editor in 0.43 ms, found 3 plugins.
Preloading 0 native plugins for Editor in 0.00 ms.
Mono: successfully reloaded assembly
- Completed reload, in  0.989 seconds
Domain Reload Profiling:
	ReloadAssembly (989ms)
		BeginReloadAssembly (104ms)
			ExecutionOrderSort (0ms)
			DisableScriptedObjects (6ms)
			BackupInstance (0ms)
			ReleaseScriptingObjects (0ms)
			CreateAndSetChildDomain (52ms)
		EndReloadAssembly (831ms)
			LoadAssemblies (62ms)
			RebuildTransferFunctionScriptingTraits (0ms)
			SetupTypeCache (306ms)
			ReleaseScriptCaches (1ms)
			RebuildScriptCaches (48ms)
			SetupLoadedEditorAssemblies (303ms)
				LogAssemblyErrors (0ms)
				InitializePlatformSupportModulesInManaged (4ms)
				SetLoadedEditorAssemblies (0ms)
				RefreshPlugins (0ms)
				BeforeProcessingInitializeOnLoad (102ms)
				ProcessInitializeOnLoadAttributes (185ms)
				ProcessInitializeOnLoadMethodAttributes (10ms)
				AfterProcessingInitializeOnLoad (1ms)
				EditorAssembliesLoaded (0ms)
			ExecutionOrderSort2 (0ms)
			AwakeInstancesAfterBackupRestoration (8ms)
Platform modules already initialized, skipping
Refreshing native plugins compatible for Editor in 0.39 ms, found 3 plugins.
Preloading 0 native plugins for Editor in 0.00 ms.
Unloading 2345 Unused Serialized files (Serialized files now loaded: 0)
System memory in use before: 224.8 MB.
System memory in use after: 224.9 MB.

Unloading 24 unused Assets to reduce memory usage. Loaded Objects now: 2833.
Total: 2.414131 ms (FindLiveObjects: 0.150424 ms CreateObjectMapping: 0.081288 ms MarkObjects: 2.108024 ms  DeleteObjects: 0.073855 ms)

AssetImportParameters requested are different than current active one (requested -> active):
  custom:video-decoder-ogg-theora: a1e56fd34408186e4bbccfd4996cb3dc -> 
  custom:container-muxer-webm: aa71ff27fc2769a1b78a27578f13a17b -> 
  custom:container-demuxer-webm: 4f35f7cbe854078d1ac9338744f61a02 -> 
  custom:container-demuxer-ogg: 62fdf1f143b41e24485cea50d1cbac27 -> 
  custom:video-encoder-webm-vp8: eb34c28f22e8b96e1ab97ce403110664 -> 
  custom:framework-osx-AVFoundation: e770b220cccbd017edd2c1fefb359320 -> 
  custom:video-decoder-webm-vp8: 9c59270c3fd7afecdb556c50c9e8de78 -> 
  custom:audio-decoder-ogg-vorbis: bf7c407c2cedff20999df2af8eb42d56 -> 
  custom:audio-encoder-webm-vorbis: bf7c407c2cedff20999df2af8eb42d56 -> 
========================================================================
Received Prepare
Registering precompiled user dll's ...
Registered in 0.001923 seconds.
Begin MonoManager ReloadAssembly
Native extension for OSXStandalone target not found
Refreshing native plugins compatible for Editor in 0.43 ms, found 3 plugins.
Preloading 0 native plugins for Editor in 0.00 ms.
Mono: successfully reloaded assembly
- Completed reload, in  0.995 seconds
Domain Reload Profiling:
	ReloadAssembly (996ms)
		BeginReloadAssembly (103ms)
			ExecutionOrderSort (0ms)
			DisableScriptedObjects (6ms)
			BackupInstance (0ms)
			ReleaseScriptingObjects (0ms)
			CreateAndSetChildDomain (49ms)
		EndReloadAssembly (839ms)
			LoadAssemblies (61ms)
			RebuildTransferFunctionScriptingTraits (0ms)
			SetupTypeCache (308ms)
			ReleaseScriptCaches (1ms)
			RebuildScriptCaches (47ms)
			SetupLoadedEditorAssemblies (310ms)
				LogAssemblyErrors (0ms)
				InitializePlatformSupportModulesInManaged (4ms)
				SetLoadedEditorAssemblies (0ms)
				RefreshPlugins (0ms)
				BeforeProcessingInitializeOnLoad (103ms)
				ProcessInitializeOnLoadAttributes (187ms)
				ProcessInitializeOnLoadMethodAttributes (14ms)
				AfterProcessingInitializeOnLoad (3ms)
				EditorAssembliesLoaded (0ms)
			ExecutionOrderSort2 (0ms)
			AwakeInstancesAfterBackupRestoration (11ms)
Platform modules already initialized, skipping
Refreshing native plugins compatible for Editor in 0.34 ms, found 3 plugins.
Preloading 0 native plugins for Editor in 0.00 ms.
Unloading 2345 Unused Serialized files (Serialized files now loaded: 0)
System memory in use before: 225.0 MB.
System memory in use after: 225.1 MB.

Unloading 24 unused Assets to reduce memory usage. Loaded Objects now: 2835.
Total: 2.404376 ms (FindLiveObjects: 0.151687 ms CreateObjectMapping: 0.082616 ms MarkObjects: 2.098412 ms  DeleteObjects: 0.071144 ms)

AssetImportParameters requested are different than current active one (requested -> active):
  custom:video-decoder-ogg-theora: a1e56fd34408186e4bbccfd4996cb3dc -> 
  custom:container-muxer-webm: aa71ff27fc2769a1b78a27578f13a17b -> 
  custom:container-demuxer-webm: 4f35f7cbe854078d1ac9338744f61a02 -> 
  custom:container-demuxer-ogg: 62fdf1f143b41e24485cea50d1cbac27 -> 
  custom:video-encoder-webm-vp8: eb34c28f22e8b96e1ab97ce403110664 -> 
  custom:framework-osx-AVFoundation: e770b220cccbd017edd2c1fefb359320 -> 
  custom:video-decoder-webm-vp8: 9c59270c3fd7afecdb556c50c9e8de78 -> 
  custom:audio-decoder-ogg-vorbis: bf7c407c2cedff20999df2af8eb42d56 -> 
  custom:audio-encoder-webm-vorbis: bf7c407c2cedff20999df2af8eb42d56 -> 
========================================================================
Received Import Request.
  Time since last request: 943.984399 seconds.
  path: Assets/Art/Prefabs/bot.prefab
  artifactKey: Guid(ee117636c076e497780afdc468e92344) Importer(815301076,1909f56bfc062723c751e8b465ee728b)
Start importing Assets/Art/Prefabs/bot.prefab using Guid(ee117636c076e497780afdc468e92344) Importer(815301076,1909f56bfc062723c751e8b465ee728b)  -> (artifact id: '863f307da56e1664e56896766fe2ab39') in 0.056299 seconds 
  Import took 0.059653 seconds .

========================================================================
Received Prepare
Registering precompiled user dll's ...
Registered in 0.002487 seconds.
Begin MonoManager ReloadAssembly
Native extension for OSXStandalone target not found
Refreshing native plugins compatible for Editor in 0.42 ms, found 3 plugins.
Preloading 0 native plugins for Editor in 0.00 ms.
Mono: successfully reloaded assembly
- Completed reload, in  0.985 seconds
Domain Reload Profiling:
	ReloadAssembly (985ms)
		BeginReloadAssembly (102ms)
			ExecutionOrderSort (0ms)
			DisableScriptedObjects (5ms)
			BackupInstance (0ms)
			ReleaseScriptingObjects (0ms)
			CreateAndSetChildDomain (51ms)
		EndReloadAssembly (828ms)
			LoadAssemblies (62ms)
			RebuildTransferFunctionScriptingTraits (0ms)
			SetupTypeCache (303ms)
			ReleaseScriptCaches (1ms)
			RebuildScriptCaches (47ms)
			SetupLoadedEditorAssemblies (306ms)
				LogAssemblyErrors (0ms)
				InitializePlatformSupportModulesInManaged (3ms)
				SetLoadedEditorAssemblies (0ms)
				RefreshPlugins (0ms)
				BeforeProcessingInitializeOnLoad (100ms)
				ProcessInitializeOnLoadAttributes (191ms)
				ProcessInitializeOnLoadMethodAttributes (10ms)
				AfterProcessingInitializeOnLoad (1ms)
				EditorAssembliesLoaded (0ms)
			ExecutionOrderSort2 (0ms)
			AwakeInstancesAfterBackupRestoration (8ms)
Platform modules already initialized, skipping
Refreshing native plugins compatible for Editor in 0.40 ms, found 3 plugins.
Preloading 0 native plugins for Editor in 0.00 ms.
Unloading 2345 Unused Serialized files (Serialized files now loaded: 0)
System memory in use before: 225.2 MB.
System memory in use after: 225.3 MB.

Unloading 26 unused Assets to reduce memory usage. Loaded Objects now: 2838.
Total: 2.434449 ms (FindLiveObjects: 0.146473 ms CreateObjectMapping: 0.076878 ms MarkObjects: 2.126672 ms  DeleteObjects: 0.083938 ms)

AssetImportParameters requested are different than current active one (requested -> active):
  custom:video-decoder-ogg-theora: a1e56fd34408186e4bbccfd4996cb3dc -> 
  custom:container-muxer-webm: aa71ff27fc2769a1b78a27578f13a17b -> 
  custom:container-demuxer-webm: 4f35f7cbe854078d1ac9338744f61a02 -> 
  custom:container-demuxer-ogg: 62fdf1f143b41e24485cea50d1cbac27 -> 
  custom:video-encoder-webm-vp8: eb34c28f22e8b96e1ab97ce403110664 -> 
  custom:framework-osx-AVFoundation: e770b220cccbd017edd2c1fefb359320 -> 
  custom:video-decoder-webm-vp8: 9c59270c3fd7afecdb556c50c9e8de78 -> 
  custom:audio-decoder-ogg-vorbis: bf7c407c2cedff20999df2af8eb42d56 -> 
  custom:audio-encoder-webm-vorbis: bf7c407c2cedff20999df2af8eb42d56 -> 
========================================================================
Received Import Request.
  Time since last request: 22.302061 seconds.
  path: Assets/Art/Prefabs/TreeForeground1.prefab
  artifactKey: Guid(30eb8c28e5e2643c09d68da5656a920d) Importer(815301076,1909f56bfc062723c751e8b465ee728b)
Start importing Assets/Art/Prefabs/TreeForeground1.prefab using Guid(30eb8c28e5e2643c09d68da5656a920d) Importer(815301076,1909f56bfc062723c751e8b465ee728b)  -> (artifact id: 'd9abff7a8f488e73248711a39e7663b4') in 0.045148 seconds 
  Import took 0.048190 seconds .

========================================================================
Received Import Request.
  Time since last request: 5.313186 seconds.
  path: Assets/Art/Prefabs/TreeForeground1.prefab
  artifactKey: Guid(30eb8c28e5e2643c09d68da5656a920d) Importer(815301076,1909f56bfc062723c751e8b465ee728b)
Start importing Assets/Art/Prefabs/TreeForeground1.prefab using Guid(30eb8c28e5e2643c09d68da5656a920d) Importer(815301076,1909f56bfc062723c751e8b465ee728b)  -> (artifact id: 'e7086e81b94bc23417a881897b49e126') in 0.008019 seconds 
  Import took 0.011340 seconds .

========================================================================
Received Import Request.
  Time since last request: 1.598620 seconds.
  path: Assets/Art/Prefabs/TreeForeground1.prefab
  artifactKey: Guid(30eb8c28e5e2643c09d68da5656a920d) Importer(815301076,1909f56bfc062723c751e8b465ee728b)
Start importing Assets/Art/Prefabs/TreeForeground1.prefab using Guid(30eb8c28e5e2643c09d68da5656a920d) Importer(815301076,1909f56bfc062723c751e8b465ee728b)  -> (artifact id: 'eef6fee0025090d4602c8a7a16339e53') in 0.007935 seconds 
  Import took 0.010948 seconds .

========================================================================
Received Import Request.
  Time since last request: 1.410009 seconds.
  path: Assets/Art/Prefabs/TreeForeground1.prefab
  artifactKey: Guid(30eb8c28e5e2643c09d68da5656a920d) Importer(815301076,1909f56bfc062723c751e8b465ee728b)
Start importing Assets/Art/Prefabs/TreeForeground1.prefab using Guid(30eb8c28e5e2643c09d68da5656a920d) Importer(815301076,1909f56bfc062723c751e8b465ee728b)  -> (artifact id: '086eb00b152e905aed0762238ac2e815') in 0.007906 seconds 
  Import took 0.010974 seconds .

========================================================================
Received Import Request.
  Time since last request: 2.220949 seconds.
  path: Assets/Art/Prefabs/TreeForeground1.prefab
  artifactKey: Guid(30eb8c28e5e2643c09d68da5656a920d) Importer(815301076,1909f56bfc062723c751e8b465ee728b)
Start importing Assets/Art/Prefabs/TreeForeground1.prefab using Guid(30eb8c28e5e2643c09d68da5656a920d) Importer(815301076,1909f56bfc062723c751e8b465ee728b)  -> (artifact id: '131c9b1a51d41a34d140b84b7421137c') in 0.008925 seconds 
  Import took 0.012104 seconds .

========================================================================
Received Import Request.
  Time since last request: 1.199077 seconds.
  path: Assets/Art/Prefabs/TreeForeground1.prefab
  artifactKey: Guid(30eb8c28e5e2643c09d68da5656a920d) Importer(815301076,1909f56bfc062723c751e8b465ee728b)
Start importing Assets/Art/Prefabs/TreeForeground1.prefab using Guid(30eb8c28e5e2643c09d68da5656a920d) Importer(815301076,1909f56bfc062723c751e8b465ee728b)  -> (artifact id: 'dca08ccaa47b5957d4f61f7a736dc3e8') in 0.008607 seconds 
  Import took 0.011766 seconds .

========================================================================
Received Import Request.
  Time since last request: 1.801661 seconds.
  path: Assets/Art/Prefabs/TreeForeground1.prefab
  artifactKey: Guid(30eb8c28e5e2643c09d68da5656a920d) Importer(815301076,1909f56bfc062723c751e8b465ee728b)
Start importing Assets/Art/Prefabs/TreeForeground1.prefab using Guid(30eb8c28e5e2643c09d68da5656a920d) Importer(815301076,1909f56bfc062723c751e8b465ee728b)  -> (artifact id: '4d038414df4366580e9eb9a39111ab36') in 0.008084 seconds 
  Import took 0.011227 seconds .

========================================================================
Received Import Request.
  Time since last request: 6.177855 seconds.
  path: Assets/Art/Prefabs/TreeForeground1.prefab
  artifactKey: Guid(30eb8c28e5e2643c09d68da5656a920d) Importer(815301076,1909f56bfc062723c751e8b465ee728b)
Start importing Assets/Art/Prefabs/TreeForeground1.prefab using Guid(30eb8c28e5e2643c09d68da5656a920d) Importer(815301076,1909f56bfc062723c751e8b465ee728b)  -> (artifact id: '484e94908209f6e676019800e02cc76e') in 0.008771 seconds 
  Import took 0.011817 seconds .

========================================================================
Received Import Request.
  Time since last request: 2.607212 seconds.
  path: Assets/Art/Prefabs/TreeForeground1.prefab
  artifactKey: Guid(30eb8c28e5e2643c09d68da5656a920d) Importer(815301076,1909f56bfc062723c751e8b465ee728b)
Start importing Assets/Art/Prefabs/TreeForeground1.prefab using Guid(30eb8c28e5e2643c09d68da5656a920d) Importer(815301076,1909f56bfc062723c751e8b465ee728b)  -> (artifact id: 'ac8b8845694c66d22b4ede3ccd561dec') in 0.008435 seconds 
  Import took 0.011978 seconds .

========================================================================
Received Import Request.
  Time since last request: 1.842207 seconds.
  path: Assets/Art/Prefabs/TreeForeground1.prefab
  artifactKey: Guid(30eb8c28e5e2643c09d68da5656a920d) Importer(815301076,1909f56bfc062723c751e8b465ee728b)
Start importing Assets/Art/Prefabs/TreeForeground1.prefab using Guid(30eb8c28e5e2643c09d68da5656a920d) Importer(815301076,1909f56bfc062723c751e8b465ee728b)  -> (artifact id: '480f00affce1eb92cea7fe468765cc08') in 0.008593 seconds 
  Import took 0.011591 seconds .

========================================================================
Received Import Request.
  Time since last request: 2.821909 seconds.
  path: Assets/Art/Prefabs/TreeForeground1.prefab
  artifactKey: Guid(30eb8c28e5e2643c09d68da5656a920d) Importer(815301076,1909f56bfc062723c751e8b465ee728b)
Start importing Assets/Art/Prefabs/TreeForeground1.prefab using Guid(30eb8c28e5e2643c09d68da5656a920d) Importer(815301076,1909f56bfc062723c751e8b465ee728b)  -> (artifact id: '979c4b91c7f04a7335dbad18fa3018f3') in 0.009001 seconds 
  Import took 0.012122 seconds .

========================================================================
Received Import Request.
  Time since last request: 2.620694 seconds.
  path: Assets/Art/Prefabs/TreeForeground1.prefab
  artifactKey: Guid(30eb8c28e5e2643c09d68da5656a920d) Importer(815301076,1909f56bfc062723c751e8b465ee728b)
Start importing Assets/Art/Prefabs/TreeForeground1.prefab using Guid(30eb8c28e5e2643c09d68da5656a920d) Importer(815301076,1909f56bfc062723c751e8b465ee728b)  -> (artifact id: '4372d1077c198fbf8c1d2205f189f300') in 0.007935 seconds 
  Import took 0.011068 seconds .

========================================================================
Received Import Request.
  Time since last request: 2.427479 seconds.
  path: Assets/Art/Prefabs/TreeForeground1.prefab
  artifactKey: Guid(30eb8c28e5e2643c09d68da5656a920d) Importer(815301076,1909f56bfc062723c751e8b465ee728b)
Start importing Assets/Art/Prefabs/TreeForeground1.prefab using Guid(30eb8c28e5e2643c09d68da5656a920d) Importer(815301076,1909f56bfc062723c751e8b465ee728b)  -> (artifact id: 'ec204d08cc71d3498f2f8ffd5fe4f978') in 0.007894 seconds 
  Import took 0.010956 seconds .

========================================================================
Received Import Request.
  Time since last request: 1.398739 seconds.
  path: Assets/Art/Prefabs/TreeForeground1.prefab
  artifactKey: Guid(30eb8c28e5e2643c09d68da5656a920d) Importer(815301076,1909f56bfc062723c751e8b465ee728b)
Start importing Assets/Art/Prefabs/TreeForeground1.prefab using Guid(30eb8c28e5e2643c09d68da5656a920d) Importer(815301076,1909f56bfc062723c751e8b465ee728b)  -> (artifact id: '903fb21e19294e7d19447b063e188709') in 0.008291 seconds 
  Import took 0.011388 seconds .

========================================================================
Received Import Request.
  Time since last request: 2.207832 seconds.
  path: Assets/Art/Prefabs/TreeForeground1.prefab
  artifactKey: Guid(30eb8c28e5e2643c09d68da5656a920d) Importer(815301076,1909f56bfc062723c751e8b465ee728b)
Start importing Assets/Art/Prefabs/TreeForeground1.prefab using Guid(30eb8c28e5e2643c09d68da5656a920d) Importer(815301076,1909f56bfc062723c751e8b465ee728b)  -> (artifact id: '464c6fae952b11109f6cb0c21e5d8b6a') in 0.009064 seconds 
  Import took 0.012397 seconds .

========================================================================
Received Import Request.
  Time since last request: 2.834870 seconds.
  path: Assets/Art/Prefabs/TreeForeground1.prefab
  artifactKey: Guid(30eb8c28e5e2643c09d68da5656a920d) Importer(815301076,1909f56bfc062723c751e8b465ee728b)
Start importing Assets/Art/Prefabs/TreeForeground1.prefab using Guid(30eb8c28e5e2643c09d68da5656a920d) Importer(815301076,1909f56bfc062723c751e8b465ee728b)  -> (artifact id: '41584ea024ccdf6e5701cf86d487b0de') in 0.012989 seconds 
  Import took 0.016000 seconds .

========================================================================
Received Import Request.
  Time since last request: 3.651711 seconds.
  path: Assets/Art/Prefabs/TreeForeground1.prefab
  artifactKey: Guid(30eb8c28e5e2643c09d68da5656a920d) Importer(815301076,1909f56bfc062723c751e8b465ee728b)
Start importing Assets/Art/Prefabs/TreeForeground1.prefab using Guid(30eb8c28e5e2643c09d68da5656a920d) Importer(815301076,1909f56bfc062723c751e8b465ee728b)  -> (artifact id: '31b76b4aff52b0fa75f9ae1e9840d1f6') in 0.008270 seconds 
  Import took 0.011327 seconds .

========================================================================
Received Import Request.
  Time since last request: 1.211612 seconds.
  path: Assets/Art/Prefabs/TreeForeground1.prefab
  artifactKey: Guid(30eb8c28e5e2643c09d68da5656a920d) Importer(815301076,1909f56bfc062723c751e8b465ee728b)
Start importing Assets/Art/Prefabs/TreeForeground1.prefab using Guid(30eb8c28e5e2643c09d68da5656a920d) Importer(815301076,1909f56bfc062723c751e8b465ee728b)  -> (artifact id: 'efc9727b60ef368b529bcf2dd9be5630') in 0.007935 seconds 
  Import took 0.011026 seconds .

========================================================================
Received Import Request.
  Time since last request: 0.589897 seconds.
  path: Assets/Art/Prefabs/TreeForeground1.prefab
  artifactKey: Guid(30eb8c28e5e2643c09d68da5656a920d) Importer(815301076,1909f56bfc062723c751e8b465ee728b)
Start importing Assets/Art/Prefabs/TreeForeground1.prefab using Guid(30eb8c28e5e2643c09d68da5656a920d) Importer(815301076,1909f56bfc062723c751e8b465ee728b)  -> (artifact id: 'db5f764114253a76305dd3918025ae66') in 0.007677 seconds 
  Import took 0.010678 seconds .

========================================================================
Received Import Request.
  Time since last request: 5.997029 seconds.
  path: Assets/Art/Prefabs/TreeForeground1.prefab
  artifactKey: Guid(30eb8c28e5e2643c09d68da5656a920d) Importer(815301076,1909f56bfc062723c751e8b465ee728b)
Start importing Assets/Art/Prefabs/TreeForeground1.prefab using Guid(30eb8c28e5e2643c09d68da5656a920d) Importer(815301076,1909f56bfc062723c751e8b465ee728b)  -> (artifact id: '7be66cdb67c842369b05b1869cfd5a55') in 0.008240 seconds 
  Import took 0.011260 seconds .

========================================================================
Received Import Request.
  Time since last request: 2.372575 seconds.
  path: Assets/Art/Prefabs/TreeForeground1.prefab
  artifactKey: Guid(30eb8c28e5e2643c09d68da5656a920d) Importer(815301076,1909f56bfc062723c751e8b465ee728b)
Start importing Assets/Art/Prefabs/TreeForeground1.prefab using Guid(30eb8c28e5e2643c09d68da5656a920d) Importer(815301076,1909f56bfc062723c751e8b465ee728b)  -> (artifact id: '30f0507026543a54225819876f2185e2') in 0.008944 seconds 
  Import took 0.012383 seconds .

========================================================================
Received Import Request.
  Time since last request: 0.995098 seconds.
  path: Assets/Art/Prefabs/TreeForeground1.prefab
  artifactKey: Guid(30eb8c28e5e2643c09d68da5656a920d) Importer(815301076,1909f56bfc062723c751e8b465ee728b)
Start importing Assets/Art/Prefabs/TreeForeground1.prefab using Guid(30eb8c28e5e2643c09d68da5656a920d) Importer(815301076,1909f56bfc062723c751e8b465ee728b)  -> (artifact id: 'e6ceb6053c907cab4fecf93ddd526654') in 0.007835 seconds 
  Import took 0.011039 seconds .

========================================================================
Received Import Request.
  Time since last request: 1.405892 seconds.
  path: Assets/Art/Prefabs/TreeForeground1.prefab
  artifactKey: Guid(30eb8c28e5e2643c09d68da5656a920d) Importer(815301076,1909f56bfc062723c751e8b465ee728b)
Start importing Assets/Art/Prefabs/TreeForeground1.prefab using Guid(30eb8c28e5e2643c09d68da5656a920d) Importer(815301076,1909f56bfc062723c751e8b465ee728b)  -> (artifact id: '264cc7c607d960a3281ba3aa73e1db92') in 0.008584 seconds 
  Import took 0.011817 seconds .

========================================================================
Received Import Request.
  Time since last request: 1.602960 seconds.
  path: Assets/Art/Prefabs/TreeForeground1.prefab
  artifactKey: Guid(30eb8c28e5e2643c09d68da5656a920d) Importer(815301076,1909f56bfc062723c751e8b465ee728b)
Start importing Assets/Art/Prefabs/TreeForeground1.prefab using Guid(30eb8c28e5e2643c09d68da5656a920d) Importer(815301076,1909f56bfc062723c751e8b465ee728b)  -> (artifact id: 'dd1783923fc51e036ce0a4f9f68d0dbc') in 0.009072 seconds 
  Import took 0.012101 seconds .

========================================================================
Received Import Request.
  Time since last request: 2.818351 seconds.
  path: Assets/Art/Prefabs/TreeForeground1.prefab
  artifactKey: Guid(30eb8c28e5e2643c09d68da5656a920d) Importer(815301076,1909f56bfc062723c751e8b465ee728b)
Start importing Assets/Art/Prefabs/TreeForeground1.prefab using Guid(30eb8c28e5e2643c09d68da5656a920d) Importer(815301076,1909f56bfc062723c751e8b465ee728b)  -> (artifact id: '62515886d2d0d5742b145eb7253c127d') in 0.008259 seconds 
  Import took 0.011268 seconds .

========================================================================
Received Import Request.
  Time since last request: 0.802965 seconds.
  path: Assets/Art/Prefabs/TreeForeground1.prefab
  artifactKey: Guid(30eb8c28e5e2643c09d68da5656a920d) Importer(815301076,1909f56bfc062723c751e8b465ee728b)
Start importing Assets/Art/Prefabs/TreeForeground1.prefab using Guid(30eb8c28e5e2643c09d68da5656a920d) Importer(815301076,1909f56bfc062723c751e8b465ee728b)  -> (artifact id: '221bb20f8777b98798a1cd5363440a53') in 0.008295 seconds 
  Import took 0.011540 seconds .

========================================================================
Received Import Request.
  Time since last request: 0.998328 seconds.
  path: Assets/Art/Prefabs/TreeForeground1.prefab
  artifactKey: Guid(30eb8c28e5e2643c09d68da5656a920d) Importer(815301076,1909f56bfc062723c751e8b465ee728b)
Start importing Assets/Art/Prefabs/TreeForeground1.prefab using Guid(30eb8c28e5e2643c09d68da5656a920d) Importer(815301076,1909f56bfc062723c751e8b465ee728b)  -> (artifact id: '5bfd99029563c9899317fb6a29a2b3a2') in 0.007661 seconds 
  Import took 0.010853 seconds .

========================================================================
Received Import Request.
  Time since last request: 1.006097 seconds.
  path: Assets/Art/Prefabs/TreeForeground1.prefab
  artifactKey: Guid(30eb8c28e5e2643c09d68da5656a920d) Importer(815301076,1909f56bfc062723c751e8b465ee728b)
Start importing Assets/Art/Prefabs/TreeForeground1.prefab using Guid(30eb8c28e5e2643c09d68da5656a920d) Importer(815301076,1909f56bfc062723c751e8b465ee728b)  -> (artifact id: 'c2b2632d616f3e2ffe86fe363eee62b3') in 0.008292 seconds 
  Import took 0.011585 seconds .

========================================================================
Received Import Request.
  Time since last request: 1.184965 seconds.
  path: Assets/Art/Prefabs/TreeForeground1.prefab
  artifactKey: Guid(30eb8c28e5e2643c09d68da5656a920d) Importer(815301076,1909f56bfc062723c751e8b465ee728b)
Start importing Assets/Art/Prefabs/TreeForeground1.prefab using Guid(30eb8c28e5e2643c09d68da5656a920d) Importer(815301076,1909f56bfc062723c751e8b465ee728b)  -> (artifact id: '83f3346f2e2a22c7f55638a1cec148f2') in 0.007970 seconds 
  Import took 0.010981 seconds .

========================================================================
Received Import Request.
  Time since last request: 2.227498 seconds.
  path: Assets/Art/Prefabs/TreeForeground1.prefab
  artifactKey: Guid(30eb8c28e5e2643c09d68da5656a920d) Importer(815301076,1909f56bfc062723c751e8b465ee728b)
Start importing Assets/Art/Prefabs/TreeForeground1.prefab using Guid(30eb8c28e5e2643c09d68da5656a920d) Importer(815301076,1909f56bfc062723c751e8b465ee728b)  -> (artifact id: 'f490d6c8c4536acf61a6829a62054413') in 0.008043 seconds 
  Import took 0.010998 seconds .

========================================================================
Received Import Request.
  Time since last request: 1.607280 seconds.
  path: Assets/Art/Prefabs/TreeForeground1.prefab
  artifactKey: Guid(30eb8c28e5e2643c09d68da5656a920d) Importer(815301076,1909f56bfc062723c751e8b465ee728b)
Start importing Assets/Art/Prefabs/TreeForeground1.prefab using Guid(30eb8c28e5e2643c09d68da5656a920d) Importer(815301076,1909f56bfc062723c751e8b465ee728b)  -> (artifact id: '70d38b49c4d245382d6933e55be395d2') in 0.009364 seconds 
  Import took 0.012364 seconds .

========================================================================
Received Import Request.
  Time since last request: 1.010156 seconds.
  path: Assets/Art/Prefabs/TreeForeground1.prefab
  artifactKey: Guid(30eb8c28e5e2643c09d68da5656a920d) Importer(815301076,1909f56bfc062723c751e8b465ee728b)
Start importing Assets/Art/Prefabs/TreeForeground1.prefab using Guid(30eb8c28e5e2643c09d68da5656a920d) Importer(815301076,1909f56bfc062723c751e8b465ee728b)  -> (artifact id: 'a373c9052e2463e444f2994c3dff559c') in 0.009334 seconds 
  Import took 0.012373 seconds .

========================================================================
Received Import Request.
  Time since last request: 1.397508 seconds.
  path: Assets/Art/Prefabs/TreeForeground1.prefab
  artifactKey: Guid(30eb8c28e5e2643c09d68da5656a920d) Importer(815301076,1909f56bfc062723c751e8b465ee728b)
Start importing Assets/Art/Prefabs/TreeForeground1.prefab using Guid(30eb8c28e5e2643c09d68da5656a920d) Importer(815301076,1909f56bfc062723c751e8b465ee728b)  -> (artifact id: 'e5107f32b9589c17e8c639ad14782769') in 0.008319 seconds 
  Import took 0.011307 seconds .

========================================================================
Received Import Request.
  Time since last request: 0.993613 seconds.
  path: Assets/Art/Prefabs/TreeForeground1.prefab
  artifactKey: Guid(30eb8c28e5e2643c09d68da5656a920d) Importer(815301076,1909f56bfc062723c751e8b465ee728b)
Start importing Assets/Art/Prefabs/TreeForeground1.prefab using Guid(30eb8c28e5e2643c09d68da5656a920d) Importer(815301076,1909f56bfc062723c751e8b465ee728b)  -> (artifact id: 'a55096d54cabec3a271e5e88b4e91179') in 0.007682 seconds 
  Import took 0.010673 seconds .

========================================================================
Received Import Request.
  Time since last request: 2.224014 seconds.
  path: Assets/Art/Prefabs/TreeForeground1.prefab
  artifactKey: Guid(30eb8c28e5e2643c09d68da5656a920d) Importer(815301076,1909f56bfc062723c751e8b465ee728b)
Start importing Assets/Art/Prefabs/TreeForeground1.prefab using Guid(30eb8c28e5e2643c09d68da5656a920d) Importer(815301076,1909f56bfc062723c751e8b465ee728b)  -> (artifact id: '37273d3e1062b9c2284b09b2279a80fa') in 0.008605 seconds 
  Import took 0.011795 seconds .

========================================================================
Received Import Request.
  Time since last request: 14.152321 seconds.
  path: Assets/Art/Prefabs/TreeForeground1.prefab
  artifactKey: Guid(30eb8c28e5e2643c09d68da5656a920d) Importer(815301076,1909f56bfc062723c751e8b465ee728b)
Start importing Assets/Art/Prefabs/TreeForeground1.prefab using Guid(30eb8c28e5e2643c09d68da5656a920d) Importer(815301076,1909f56bfc062723c751e8b465ee728b)  -> (artifact id: '3ba1bb34849bb27d14a3bfa05171b718') in 0.007884 seconds 
  Import took 0.011332 seconds .

========================================================================
Received Import Request.
  Time since last request: 12.966512 seconds.
  path: Assets/Art/Prefabs/TreeForeground1.prefab
  artifactKey: Guid(30eb8c28e5e2643c09d68da5656a920d) Importer(815301076,1909f56bfc062723c751e8b465ee728b)
Start importing Assets/Art/Prefabs/TreeForeground1.prefab using Guid(30eb8c28e5e2643c09d68da5656a920d) Importer(815301076,1909f56bfc062723c751e8b465ee728b)  -> (artifact id: '5010773273c075a219a403b639c13c18') in 0.007878 seconds 
  Import took 0.010968 seconds .

========================================================================
Received Import Request.
  Time since last request: 1.411291 seconds.
  path: Assets/Art/Prefabs/TreeForeground1.prefab
  artifactKey: Guid(30eb8c28e5e2643c09d68da5656a920d) Importer(815301076,1909f56bfc062723c751e8b465ee728b)
Start importing Assets/Art/Prefabs/TreeForeground1.prefab using Guid(30eb8c28e5e2643c09d68da5656a920d) Importer(815301076,1909f56bfc062723c751e8b465ee728b)  -> (artifact id: '34322763e1417ab2f93d944f10dce8f3') in 0.008016 seconds 
  Import took 0.011009 seconds .

========================================================================
Received Import Request.
  Time since last request: 2.017371 seconds.
  path: Assets/Art/Prefabs/TreeForeground1.prefab
  artifactKey: Guid(30eb8c28e5e2643c09d68da5656a920d) Importer(815301076,1909f56bfc062723c751e8b465ee728b)
Start importing Assets/Art/Prefabs/TreeForeground1.prefab using Guid(30eb8c28e5e2643c09d68da5656a920d) Importer(815301076,1909f56bfc062723c751e8b465ee728b)  -> (artifact id: '531f4401b36389bd94486dfcc6f03fde') in 0.008057 seconds 
  Import took 0.011130 seconds .

========================================================================
Received Import Request.
  Time since last request: 1.601259 seconds.
  path: Assets/Art/Prefabs/TreeForeground1.prefab
  artifactKey: Guid(30eb8c28e5e2643c09d68da5656a920d) Importer(815301076,1909f56bfc062723c751e8b465ee728b)
Start importing Assets/Art/Prefabs/TreeForeground1.prefab using Guid(30eb8c28e5e2643c09d68da5656a920d) Importer(815301076,1909f56bfc062723c751e8b465ee728b)  -> (artifact id: 'dd3f284222e0e4c0c03db6c2cdd6bea8') in 0.008495 seconds 
  Import took 0.011502 seconds .

========================================================================
Received Import Request.
  Time since last request: 1.004581 seconds.
  path: Assets/Art/Prefabs/TreeForeground1.prefab
  artifactKey: Guid(30eb8c28e5e2643c09d68da5656a920d) Importer(815301076,1909f56bfc062723c751e8b465ee728b)
Start importing Assets/Art/Prefabs/TreeForeground1.prefab using Guid(30eb8c28e5e2643c09d68da5656a920d) Importer(815301076,1909f56bfc062723c751e8b465ee728b)  -> (artifact id: '7c50af743b9b8cca7647a40bc1f96749') in 0.007995 seconds 
  Import took 0.011035 seconds .

========================================================================
Received Import Request.
  Time since last request: 1.001256 seconds.
  path: Assets/Art/Prefabs/TreeForeground1.prefab
  artifactKey: Guid(30eb8c28e5e2643c09d68da5656a920d) Importer(815301076,1909f56bfc062723c751e8b465ee728b)
Start importing Assets/Art/Prefabs/TreeForeground1.prefab using Guid(30eb8c28e5e2643c09d68da5656a920d) Importer(815301076,1909f56bfc062723c751e8b465ee728b)  -> (artifact id: '78e8931c101cadccab6a78521b7eaf9a') in 0.008303 seconds 
  Import took 0.011333 seconds .

========================================================================
Received Import Request.
  Time since last request: 1.403534 seconds.
  path: Assets/Art/Prefabs/TreeForeground1.prefab
  artifactKey: Guid(30eb8c28e5e2643c09d68da5656a920d) Importer(815301076,1909f56bfc062723c751e8b465ee728b)
Start importing Assets/Art/Prefabs/TreeForeground1.prefab using Guid(30eb8c28e5e2643c09d68da5656a920d) Importer(815301076,1909f56bfc062723c751e8b465ee728b)  -> (artifact id: 'f0bb36d0a7b32b120ec62449057d8dc3') in 0.008110 seconds 
  Import took 0.011133 seconds .

========================================================================
Received Import Request.
  Time since last request: 1.446873 seconds.
  path: Assets/Art/Prefabs/TreeForeground1.prefab
  artifactKey: Guid(30eb8c28e5e2643c09d68da5656a920d) Importer(815301076,1909f56bfc062723c751e8b465ee728b)
Start importing Assets/Art/Prefabs/TreeForeground1.prefab using Guid(30eb8c28e5e2643c09d68da5656a920d) Importer(815301076,1909f56bfc062723c751e8b465ee728b)  -> (artifact id: '74bac5aab244176b69b0effe6582833f') in 0.007774 seconds 
  Import took 0.010750 seconds .

========================================================================
Received Import Request.
  Time since last request: 0.555435 seconds.
  path: Assets/Art/Prefabs/TreeForeground1.prefab
  artifactKey: Guid(30eb8c28e5e2643c09d68da5656a920d) Importer(815301076,1909f56bfc062723c751e8b465ee728b)
Start importing Assets/Art/Prefabs/TreeForeground1.prefab using Guid(30eb8c28e5e2643c09d68da5656a920d) Importer(815301076,1909f56bfc062723c751e8b465ee728b)  -> (artifact id: '366b0dac5e7eeee89af7f72a60544789') in 0.008899 seconds 
  Import took 0.012093 seconds .

========================================================================
Received Import Request.
  Time since last request: 1.998804 seconds.
  path: Assets/Art/Prefabs/TreeForeground1.prefab
  artifactKey: Guid(30eb8c28e5e2643c09d68da5656a920d) Importer(815301076,1909f56bfc062723c751e8b465ee728b)
Start importing Assets/Art/Prefabs/TreeForeground1.prefab using Guid(30eb8c28e5e2643c09d68da5656a920d) Importer(815301076,1909f56bfc062723c751e8b465ee728b)  -> (artifact id: 'a180579a23a59951fb9484eece41235b') in 0.010275 seconds 
  Import took 0.013343 seconds .

========================================================================
Received Import Request.
  Time since last request: 1.602389 seconds.
  path: Assets/Art/Prefabs/TreeForeground1.prefab
  artifactKey: Guid(30eb8c28e5e2643c09d68da5656a920d) Importer(815301076,1909f56bfc062723c751e8b465ee728b)
Start importing Assets/Art/Prefabs/TreeForeground1.prefab using Guid(30eb8c28e5e2643c09d68da5656a920d) Importer(815301076,1909f56bfc062723c751e8b465ee728b)  -> (artifact id: 'fe551b994eb6c52a35da14696b0356b8') in 0.009254 seconds 
  Import took 0.012282 seconds .

========================================================================
Received Import Request.
  Time since last request: 4.841622 seconds.
  path: Assets/Art/Prefabs/TreeForeground1.prefab
  artifactKey: Guid(30eb8c28e5e2643c09d68da5656a920d) Importer(815301076,1909f56bfc062723c751e8b465ee728b)
Start importing Assets/Art/Prefabs/TreeForeground1.prefab using Guid(30eb8c28e5e2643c09d68da5656a920d) Importer(815301076,1909f56bfc062723c751e8b465ee728b)  -> (artifact id: '24a9350078ea4388a22ea1173f8aab68') in 0.009161 seconds 
  Import took 0.012186 seconds .

========================================================================
Received Import Request.
  Time since last request: 3.848298 seconds.
  path: Assets/Art/Prefabs/TreeForeground1.prefab
  artifactKey: Guid(30eb8c28e5e2643c09d68da5656a920d) Importer(815301076,1909f56bfc062723c751e8b465ee728b)
Start importing Assets/Art/Prefabs/TreeForeground1.prefab using Guid(30eb8c28e5e2643c09d68da5656a920d) Importer(815301076,1909f56bfc062723c751e8b465ee728b)  -> (artifact id: 'cb24acc9ae2407500cab1eb6cab1b839') in 0.007798 seconds 
  Import took 0.010888 seconds .

========================================================================
Received Import Request.
  Time since last request: 2.823074 seconds.
  path: Assets/Art/Prefabs/TreeForeground1.prefab
  artifactKey: Guid(30eb8c28e5e2643c09d68da5656a920d) Importer(815301076,1909f56bfc062723c751e8b465ee728b)
Start importing Assets/Art/Prefabs/TreeForeground1.prefab using Guid(30eb8c28e5e2643c09d68da5656a920d) Importer(815301076,1909f56bfc062723c751e8b465ee728b)  -> (artifact id: '577ef54a56f5fb24b41f56e01366d66c') in 0.008292 seconds 
  Import took 0.011488 seconds .

========================================================================
Received Import Request.
  Time since last request: 1.015836 seconds.
  path: Assets/Art/Prefabs/TreeForeground1.prefab
  artifactKey: Guid(30eb8c28e5e2643c09d68da5656a920d) Importer(815301076,1909f56bfc062723c751e8b465ee728b)
Start importing Assets/Art/Prefabs/TreeForeground1.prefab using Guid(30eb8c28e5e2643c09d68da5656a920d) Importer(815301076,1909f56bfc062723c751e8b465ee728b)  -> (artifact id: '8583dbb3286b63ae9d88ad610d4b53be') in 0.008111 seconds 
  Import took 0.011237 seconds .

========================================================================
Received Import Request.
  Time since last request: 2.639253 seconds.
  path: Assets/Art/Prefabs/TreeForeground1.prefab
  artifactKey: Guid(30eb8c28e5e2643c09d68da5656a920d) Importer(815301076,1909f56bfc062723c751e8b465ee728b)
Start importing Assets/Art/Prefabs/TreeForeground1.prefab using Guid(30eb8c28e5e2643c09d68da5656a920d) Importer(815301076,1909f56bfc062723c751e8b465ee728b)  -> (artifact id: '0d1d32a149368ae7abebd5c2bf43335d') in 0.008116 seconds 
  Import took 0.011517 seconds .

========================================================================
Received Import Request.
  Time since last request: 3.219636 seconds.
  path: Assets/Art/Prefabs/TreeForeground1.prefab
  artifactKey: Guid(30eb8c28e5e2643c09d68da5656a920d) Importer(815301076,1909f56bfc062723c751e8b465ee728b)
Start importing Assets/Art/Prefabs/TreeForeground1.prefab using Guid(30eb8c28e5e2643c09d68da5656a920d) Importer(815301076,1909f56bfc062723c751e8b465ee728b)  -> (artifact id: 'cca1756462c46750dd444c356ed073ba') in 0.008402 seconds 
  Import took 0.011510 seconds .

========================================================================
Received Import Request.
  Time since last request: 3.464288 seconds.
  path: Assets/Art/Prefabs/TreeForeground1.prefab
  artifactKey: Guid(30eb8c28e5e2643c09d68da5656a920d) Importer(815301076,1909f56bfc062723c751e8b465ee728b)
Start importing Assets/Art/Prefabs/TreeForeground1.prefab using Guid(30eb8c28e5e2643c09d68da5656a920d) Importer(815301076,1909f56bfc062723c751e8b465ee728b)  -> (artifact id: 'c8c6ca38d9d5df545ec0278b12112610') in 0.007896 seconds 
  Import took 0.010918 seconds .

========================================================================
Received Import Request.
  Time since last request: 1.397089 seconds.
  path: Assets/Art/Prefabs/TreeForeground1.prefab
  artifactKey: Guid(30eb8c28e5e2643c09d68da5656a920d) Importer(815301076,1909f56bfc062723c751e8b465ee728b)
Start importing Assets/Art/Prefabs/TreeForeground1.prefab using Guid(30eb8c28e5e2643c09d68da5656a920d) Importer(815301076,1909f56bfc062723c751e8b465ee728b)  -> (artifact id: 'ed91814963179f5cf6e2f395c18a186e') in 0.007930 seconds 
  Import took 0.010918 seconds .

========================================================================
Received Import Request.
  Time since last request: 1.611474 seconds.
  path: Assets/Art/Prefabs/TreeForeground1.prefab
  artifactKey: Guid(30eb8c28e5e2643c09d68da5656a920d) Importer(815301076,1909f56bfc062723c751e8b465ee728b)
Start importing Assets/Art/Prefabs/TreeForeground1.prefab using Guid(30eb8c28e5e2643c09d68da5656a920d) Importer(815301076,1909f56bfc062723c751e8b465ee728b)  -> (artifact id: 'adede27a0291e687ba6b72669184e168') in 0.007687 seconds 
  Import took 0.010889 seconds .

========================================================================
Received Import Request.
  Time since last request: 0.996085 seconds.
  path: Assets/Art/Prefabs/TreeForeground1.prefab
  artifactKey: Guid(30eb8c28e5e2643c09d68da5656a920d) Importer(815301076,1909f56bfc062723c751e8b465ee728b)
Start importing Assets/Art/Prefabs/TreeForeground1.prefab using Guid(30eb8c28e5e2643c09d68da5656a920d) Importer(815301076,1909f56bfc062723c751e8b465ee728b)  -> (artifact id: '60c88830b75b5ac74e4e58b93ffe0a34') in 0.008006 seconds 
  Import took 0.011394 seconds .

========================================================================
Received Import Request.
  Time since last request: 0.591020 seconds.
  path: Assets/Art/Prefabs/TreeForeground1.prefab
  artifactKey: Guid(30eb8c28e5e2643c09d68da5656a920d) Importer(815301076,1909f56bfc062723c751e8b465ee728b)
Start importing Assets/Art/Prefabs/TreeForeground1.prefab using Guid(30eb8c28e5e2643c09d68da5656a920d) Importer(815301076,1909f56bfc062723c751e8b465ee728b)  -> (artifact id: 'a92c3e30d48b2801895eb9196a5d6e1d') in 0.008609 seconds 
  Import took 0.011636 seconds .

========================================================================
Received Import Request.
  Time since last request: 1.207743 seconds.
  path: Assets/Art/Prefabs/TreeForeground1.prefab
  artifactKey: Guid(30eb8c28e5e2643c09d68da5656a920d) Importer(815301076,1909f56bfc062723c751e8b465ee728b)
Start importing Assets/Art/Prefabs/TreeForeground1.prefab using Guid(30eb8c28e5e2643c09d68da5656a920d) Importer(815301076,1909f56bfc062723c751e8b465ee728b)  -> (artifact id: 'af383322e45580a3961a64d821b01481') in 0.009633 seconds 
  Import took 0.012760 seconds .

========================================================================
Received Import Request.
  Time since last request: 0.383732 seconds.
  path: Assets/Art/Prefabs/TreeForeground1.prefab
  artifactKey: Guid(30eb8c28e5e2643c09d68da5656a920d) Importer(815301076,1909f56bfc062723c751e8b465ee728b)
Start importing Assets/Art/Prefabs/TreeForeground1.prefab using Guid(30eb8c28e5e2643c09d68da5656a920d) Importer(815301076,1909f56bfc062723c751e8b465ee728b)  -> (artifact id: '8ef5ff28e5f8506ccad366ed7c55fe61') in 0.009260 seconds 
  Import took 0.012289 seconds .

========================================================================
Received Import Request.
  Time since last request: 0.400421 seconds.
  path: Assets/Art/Prefabs/TreeForeground1.prefab
  artifactKey: Guid(30eb8c28e5e2643c09d68da5656a920d) Importer(815301076,1909f56bfc062723c751e8b465ee728b)
Start importing Assets/Art/Prefabs/TreeForeground1.prefab using Guid(30eb8c28e5e2643c09d68da5656a920d) Importer(815301076,1909f56bfc062723c751e8b465ee728b)  -> (artifact id: '7c70f7e6243cdb16235fcef1c4e00188') in 0.007686 seconds 
  Import took 0.010811 seconds .

========================================================================
Received Import Request.
  Time since last request: 0.808562 seconds.
  path: Assets/Art/Prefabs/TreeForeground1.prefab
  artifactKey: Guid(30eb8c28e5e2643c09d68da5656a920d) Importer(815301076,1909f56bfc062723c751e8b465ee728b)
Start importing Assets/Art/Prefabs/TreeForeground1.prefab using Guid(30eb8c28e5e2643c09d68da5656a920d) Importer(815301076,1909f56bfc062723c751e8b465ee728b)  -> (artifact id: '898cfd1855bcf7d31dafb3887bb08758') in 0.008003 seconds 
  Import took 0.011153 seconds .

========================================================================
Received Import Request.
  Time since last request: 22.035975 seconds.
  path: Assets/Art/Prefabs/TreeForeground1.prefab
  artifactKey: Guid(30eb8c28e5e2643c09d68da5656a920d) Importer(815301076,1909f56bfc062723c751e8b465ee728b)
Start importing Assets/Art/Prefabs/TreeForeground1.prefab using Guid(30eb8c28e5e2643c09d68da5656a920d) Importer(815301076,1909f56bfc062723c751e8b465ee728b)  -> (artifact id: '06b91394bba198932d15b3116a63d6e9') in 0.009113 seconds 
  Import took 0.012145 seconds .

========================================================================
Received Import Request.
  Time since last request: 8.695331 seconds.
  path: Assets/Art/Prefabs/TreeForeground1.prefab
  artifactKey: Guid(30eb8c28e5e2643c09d68da5656a920d) Importer(815301076,1909f56bfc062723c751e8b465ee728b)
Start importing Assets/Art/Prefabs/TreeForeground1.prefab using Guid(30eb8c28e5e2643c09d68da5656a920d) Importer(815301076,1909f56bfc062723c751e8b465ee728b)  -> (artifact id: '53b0940412bede98b808f0a66021582b') in 0.008648 seconds 
  Import took 0.011816 seconds .

========================================================================
Received Import Request.
  Time since last request: 4.649593 seconds.
  path: Assets/Art/Prefabs/TreeForeground1.prefab
  artifactKey: Guid(30eb8c28e5e2643c09d68da5656a920d) Importer(815301076,1909f56bfc062723c751e8b465ee728b)
Start importing Assets/Art/Prefabs/TreeForeground1.prefab using Guid(30eb8c28e5e2643c09d68da5656a920d) Importer(815301076,1909f56bfc062723c751e8b465ee728b)  -> (artifact id: 'a9d29a8059118e3dca5c6c7dad4791f7') in 0.008040 seconds 
  Import took 0.011084 seconds .

========================================================================
Received Import Request.
  Time since last request: 1.214430 seconds.
  path: Assets/Art/Prefabs/TreeForeground1.prefab
  artifactKey: Guid(30eb8c28e5e2643c09d68da5656a920d) Importer(815301076,1909f56bfc062723c751e8b465ee728b)
Start importing Assets/Art/Prefabs/TreeForeground1.prefab using Guid(30eb8c28e5e2643c09d68da5656a920d) Importer(815301076,1909f56bfc062723c751e8b465ee728b)  -> (artifact id: '1b450e93491d81580d94b12809dd2dc7') in 0.008691 seconds 
  Import took 0.011684 seconds .

========================================================================
Received Import Request.
  Time since last request: 4.028784 seconds.
  path: Assets/Art/Prefabs/TreeForeground1.prefab
  artifactKey: Guid(30eb8c28e5e2643c09d68da5656a920d) Importer(815301076,1909f56bfc062723c751e8b465ee728b)
Start importing Assets/Art/Prefabs/TreeForeground1.prefab using Guid(30eb8c28e5e2643c09d68da5656a920d) Importer(815301076,1909f56bfc062723c751e8b465ee728b)  -> (artifact id: '37438a9d80d73c133d20563e707446e7') in 0.008556 seconds 
  Import took 0.011544 seconds .

========================================================================
Received Import Request.
  Time since last request: 1.414336 seconds.
  path: Assets/Art/Prefabs/TreeForeground1.prefab
  artifactKey: Guid(30eb8c28e5e2643c09d68da5656a920d) Importer(815301076,1909f56bfc062723c751e8b465ee728b)
Start importing Assets/Art/Prefabs/TreeForeground1.prefab using Guid(30eb8c28e5e2643c09d68da5656a920d) Importer(815301076,1909f56bfc062723c751e8b465ee728b)  -> (artifact id: '9f2c75ed513adb0751d21034728a3a60') in 0.007957 seconds 
  Import took 0.010939 seconds .

========================================================================
Received Import Request.
  Time since last request: 2.632617 seconds.
  path: Assets/Art/Prefabs/TreeForeground1.prefab
  artifactKey: Guid(30eb8c28e5e2643c09d68da5656a920d) Importer(815301076,1909f56bfc062723c751e8b465ee728b)
Start importing Assets/Art/Prefabs/TreeForeground1.prefab using Guid(30eb8c28e5e2643c09d68da5656a920d) Importer(815301076,1909f56bfc062723c751e8b465ee728b)  -> (artifact id: 'e037bfaf920d1d457a1d5852a31f760b') in 0.007421 seconds 
  Import took 0.010453 seconds .

========================================================================
Received Import Request.
  Time since last request: 1.212625 seconds.
  path: Assets/Art/Prefabs/TreeForeground1.prefab
  artifactKey: Guid(30eb8c28e5e2643c09d68da5656a920d) Importer(815301076,1909f56bfc062723c751e8b465ee728b)
Start importing Assets/Art/Prefabs/TreeForeground1.prefab using Guid(30eb8c28e5e2643c09d68da5656a920d) Importer(815301076,1909f56bfc062723c751e8b465ee728b)  -> (artifact id: '964e8217feadffdbb244ac6cb72e998a') in 0.008342 seconds 
  Import took 0.011510 seconds .

========================================================================
Received Import Request.
  Time since last request: 0.788876 seconds.
  path: Assets/Art/Prefabs/TreeForeground1.prefab
  artifactKey: Guid(30eb8c28e5e2643c09d68da5656a920d) Importer(815301076,1909f56bfc062723c751e8b465ee728b)
Start importing Assets/Art/Prefabs/TreeForeground1.prefab using Guid(30eb8c28e5e2643c09d68da5656a920d) Importer(815301076,1909f56bfc062723c751e8b465ee728b)  -> (artifact id: 'e5673a761b2dc6ac32f70ad9c7d0770b') in 0.009254 seconds 
  Import took 0.012282 seconds .

========================================================================
Received Import Request.
  Time since last request: 0.992431 seconds.
  path: Assets/Art/Prefabs/TreeForeground1.prefab
  artifactKey: Guid(30eb8c28e5e2643c09d68da5656a920d) Importer(815301076,1909f56bfc062723c751e8b465ee728b)
Start importing Assets/Art/Prefabs/TreeForeground1.prefab using Guid(30eb8c28e5e2643c09d68da5656a920d) Importer(815301076,1909f56bfc062723c751e8b465ee728b)  -> (artifact id: '2f9778691b44df87e6a185a25764d168') in 0.007806 seconds 
  Import took 0.010881 seconds .

========================================================================
Received Import Request.
  Time since last request: 29.553354 seconds.
  path: Assets/Art/Prefabs/TreeForeground1.prefab
  artifactKey: Guid(30eb8c28e5e2643c09d68da5656a920d) Importer(815301076,1909f56bfc062723c751e8b465ee728b)
Start importing Assets/Art/Prefabs/TreeForeground1.prefab using Guid(30eb8c28e5e2643c09d68da5656a920d) Importer(815301076,1909f56bfc062723c751e8b465ee728b)  -> (artifact id: '2643c5a54bf4eaf6335a2292af9fb70e') in 0.008240 seconds 
  Import took 0.011374 seconds .

========================================================================
Received Import Request.
  Time since last request: 1.022408 seconds.
  path: Assets/Art/Prefabs/TreeForeground1.prefab
  artifactKey: Guid(30eb8c28e5e2643c09d68da5656a920d) Importer(815301076,1909f56bfc062723c751e8b465ee728b)
Start importing Assets/Art/Prefabs/TreeForeground1.prefab using Guid(30eb8c28e5e2643c09d68da5656a920d) Importer(815301076,1909f56bfc062723c751e8b465ee728b)  -> (artifact id: 'da649a2203333aa543f38bf2a30f4a5c') in 0.007943 seconds 
  Import took 0.010987 seconds .

========================================================================
Received Import Request.
  Time since last request: 1.620432 seconds.
  path: Assets/Art/Prefabs/TreeForeground1.prefab
  artifactKey: Guid(30eb8c28e5e2643c09d68da5656a920d) Importer(815301076,1909f56bfc062723c751e8b465ee728b)
Start importing Assets/Art/Prefabs/TreeForeground1.prefab using Guid(30eb8c28e5e2643c09d68da5656a920d) Importer(815301076,1909f56bfc062723c751e8b465ee728b)  -> (artifact id: '0f3e5b8bf12ad6de14071f283d58879e') in 0.008135 seconds 
  Import took 0.011179 seconds .

========================================================================
Received Import Request.
  Time since last request: 0.993320 seconds.
  path: Assets/Art/Prefabs/TreeForeground1.prefab
  artifactKey: Guid(30eb8c28e5e2643c09d68da5656a920d) Importer(815301076,1909f56bfc062723c751e8b465ee728b)
Start importing Assets/Art/Prefabs/TreeForeground1.prefab using Guid(30eb8c28e5e2643c09d68da5656a920d) Importer(815301076,1909f56bfc062723c751e8b465ee728b)  -> (artifact id: '3f0695c9dad3696af1bcd3d520ec6bb0') in 0.008314 seconds 
  Import took 0.011564 seconds .

========================================================================
Received Import Request.
  Time since last request: 1.407849 seconds.
  path: Assets/Art/Prefabs/TreeForeground1.prefab
  artifactKey: Guid(30eb8c28e5e2643c09d68da5656a920d) Importer(815301076,1909f56bfc062723c751e8b465ee728b)
Start importing Assets/Art/Prefabs/TreeForeground1.prefab using Guid(30eb8c28e5e2643c09d68da5656a920d) Importer(815301076,1909f56bfc062723c751e8b465ee728b)  -> (artifact id: '6d66cf61375855de7b8c072bd1eee85d') in 0.008080 seconds 
  Import took 0.011397 seconds .

========================================================================
Received Import Request.
  Time since last request: 8.270381 seconds.
  path: Assets/Art/Prefabs/TreeForeground1.prefab
  artifactKey: Guid(30eb8c28e5e2643c09d68da5656a920d) Importer(815301076,1909f56bfc062723c751e8b465ee728b)
Start importing Assets/Art/Prefabs/TreeForeground1.prefab using Guid(30eb8c28e5e2643c09d68da5656a920d) Importer(815301076,1909f56bfc062723c751e8b465ee728b)  -> (artifact id: 'a37a1cb22ad4198a18019b7a058db388') in 0.008054 seconds 
  Import took 0.011092 seconds .

========================================================================
Received Import Request.
  Time since last request: 4.032561 seconds.
  path: Assets/Art/Prefabs/TreeForeground1.prefab
  artifactKey: Guid(30eb8c28e5e2643c09d68da5656a920d) Importer(815301076,1909f56bfc062723c751e8b465ee728b)
Start importing Assets/Art/Prefabs/TreeForeground1.prefab using Guid(30eb8c28e5e2643c09d68da5656a920d) Importer(815301076,1909f56bfc062723c751e8b465ee728b)  -> (artifact id: 'bc5d10dd2418fc181989c6a62b0a5c65') in 0.009667 seconds 
  Import took 0.012947 seconds .

========================================================================
Received Import Request.
  Time since last request: 3.226604 seconds.
  path: Assets/Art/Prefabs/TreeForeground1.prefab
  artifactKey: Guid(30eb8c28e5e2643c09d68da5656a920d) Importer(815301076,1909f56bfc062723c751e8b465ee728b)
Start importing Assets/Art/Prefabs/TreeForeground1.prefab using Guid(30eb8c28e5e2643c09d68da5656a920d) Importer(815301076,1909f56bfc062723c751e8b465ee728b)  -> (artifact id: '9de82dbc5a8c1af2aa1a0f0d3aad8864') in 0.008946 seconds 
  Import took 0.012001 seconds .

========================================================================
Received Import Request.
  Time since last request: 1.614712 seconds.
  path: Assets/Art/Prefabs/TreeForeground1.prefab
  artifactKey: Guid(30eb8c28e5e2643c09d68da5656a920d) Importer(815301076,1909f56bfc062723c751e8b465ee728b)
Start importing Assets/Art/Prefabs/TreeForeground1.prefab using Guid(30eb8c28e5e2643c09d68da5656a920d) Importer(815301076,1909f56bfc062723c751e8b465ee728b)  -> (artifact id: '51ea30b2040f9911cdc826579c4adc07') in 0.007854 seconds 
  Import took 0.010844 seconds .

========================================================================
Received Import Request.
  Time since last request: 0.595497 seconds.
  path: Assets/Art/Prefabs/TreeForeground1.prefab
  artifactKey: Guid(30eb8c28e5e2643c09d68da5656a920d) Importer(815301076,1909f56bfc062723c751e8b465ee728b)
Start importing Assets/Art/Prefabs/TreeForeground1.prefab using Guid(30eb8c28e5e2643c09d68da5656a920d) Importer(815301076,1909f56bfc062723c751e8b465ee728b)  -> (artifact id: '31284fa40e82b810a57c74d4f6039f48') in 0.007837 seconds 
  Import took 0.010827 seconds .

========================================================================
Received Import Request.
  Time since last request: 1.631159 seconds.
  path: Assets/Art/Prefabs/TreeForeground1.prefab
  artifactKey: Guid(30eb8c28e5e2643c09d68da5656a920d) Importer(815301076,1909f56bfc062723c751e8b465ee728b)
Start importing Assets/Art/Prefabs/TreeForeground1.prefab using Guid(30eb8c28e5e2643c09d68da5656a920d) Importer(815301076,1909f56bfc062723c751e8b465ee728b)  -> (artifact id: 'b981b27c630c652a5b0357405a41f103') in 0.008319 seconds 
  Import took 0.011426 seconds .

========================================================================
Received Import Request.
  Time since last request: 1.406772 seconds.
  path: Assets/Art/Prefabs/TreeForeground1.prefab
  artifactKey: Guid(30eb8c28e5e2643c09d68da5656a920d) Importer(815301076,1909f56bfc062723c751e8b465ee728b)
Start importing Assets/Art/Prefabs/TreeForeground1.prefab using Guid(30eb8c28e5e2643c09d68da5656a920d) Importer(815301076,1909f56bfc062723c751e8b465ee728b)  -> (artifact id: '776dac80b8071343830b5c33e81a88ca') in 0.007808 seconds 
  Import took 0.010874 seconds .

========================================================================
Received Import Request.
  Time since last request: 2.034627 seconds.
  path: Assets/Art/Prefabs/TreeForeground1.prefab
  artifactKey: Guid(30eb8c28e5e2643c09d68da5656a920d) Importer(815301076,1909f56bfc062723c751e8b465ee728b)
Start importing Assets/Art/Prefabs/TreeForeground1.prefab using Guid(30eb8c28e5e2643c09d68da5656a920d) Importer(815301076,1909f56bfc062723c751e8b465ee728b)  -> (artifact id: 'f9a05b4376f6363cce393c7a809560de') in 0.008088 seconds 
  Import took 0.011252 seconds .

========================================================================
Received Import Request.
  Time since last request: 2.026044 seconds.
  path: Assets/Art/Prefabs/TreeForeground1.prefab
  artifactKey: Guid(30eb8c28e5e2643c09d68da5656a920d) Importer(815301076,1909f56bfc062723c751e8b465ee728b)
Start importing Assets/Art/Prefabs/TreeForeground1.prefab using Guid(30eb8c28e5e2643c09d68da5656a920d) Importer(815301076,1909f56bfc062723c751e8b465ee728b)  -> (artifact id: 'f8dbffe3296317a754cba5a703feac48') in 0.008080 seconds 
  Import took 0.011088 seconds .

========================================================================
Received Import Request.
  Time since last request: 0.999678 seconds.
  path: Assets/Art/Prefabs/TreeForeground1.prefab
  artifactKey: Guid(30eb8c28e5e2643c09d68da5656a920d) Importer(815301076,1909f56bfc062723c751e8b465ee728b)
Start importing Assets/Art/Prefabs/TreeForeground1.prefab using Guid(30eb8c28e5e2643c09d68da5656a920d) Importer(815301076,1909f56bfc062723c751e8b465ee728b)  -> (artifact id: '624481ab1ba06e13533051e4682afae9') in 0.008093 seconds 
  Import took 0.011117 seconds .

========================================================================
Received Import Request.
  Time since last request: 1.820769 seconds.
  path: Assets/Art/Prefabs/TreeForeground1.prefab
  artifactKey: Guid(30eb8c28e5e2643c09d68da5656a920d) Importer(815301076,1909f56bfc062723c751e8b465ee728b)
Start importing Assets/Art/Prefabs/TreeForeground1.prefab using Guid(30eb8c28e5e2643c09d68da5656a920d) Importer(815301076,1909f56bfc062723c751e8b465ee728b)  -> (artifact id: 'c1b0c2c0bc85879f199b941d21af025c') in 0.008079 seconds 
  Import took 0.011152 seconds .

========================================================================
Received Import Request.
  Time since last request: 34.006331 seconds.
  path: Assets/Art/Prefabs/TreeForeground1.prefab
  artifactKey: Guid(30eb8c28e5e2643c09d68da5656a920d) Importer(815301076,1909f56bfc062723c751e8b465ee728b)
Start importing Assets/Art/Prefabs/TreeForeground1.prefab using Guid(30eb8c28e5e2643c09d68da5656a920d) Importer(815301076,1909f56bfc062723c751e8b465ee728b)  -> (artifact id: '7d0a4bebada48d298062a45da3dfd79f') in 0.007952 seconds 
  Import took 0.011093 seconds .

========================================================================
Received Import Request.
  Time since last request: 10.103849 seconds.
  path: Assets/Art/Prefabs/TreeForeground1.prefab
  artifactKey: Guid(30eb8c28e5e2643c09d68da5656a920d) Importer(815301076,1909f56bfc062723c751e8b465ee728b)
Start importing Assets/Art/Prefabs/TreeForeground1.prefab using Guid(30eb8c28e5e2643c09d68da5656a920d) Importer(815301076,1909f56bfc062723c751e8b465ee728b)  -> (artifact id: '8cbdb36e10e9d799db8898e3924b9c87') in 0.008938 seconds 
  Import took 0.012064 seconds .

========================================================================
Received Import Request.
  Time since last request: 1.398309 seconds.
  path: Assets/Art/Prefabs/TreeForeground1.prefab
  artifactKey: Guid(30eb8c28e5e2643c09d68da5656a920d) Importer(815301076,1909f56bfc062723c751e8b465ee728b)
Start importing Assets/Art/Prefabs/TreeForeground1.prefab using Guid(30eb8c28e5e2643c09d68da5656a920d) Importer(815301076,1909f56bfc062723c751e8b465ee728b)  -> (artifact id: '2a435db09f735a7898677d8b0eef9dbe') in 0.007896 seconds 
  Import took 0.010958 seconds .

========================================================================
Received Import Request.
  Time since last request: 49.871218 seconds.
  path: Assets/Art/Prefabs/TrForeground.prefab
  artifactKey: Guid(e607286ed593e46ea912e9d897df4e7c) Importer(815301076,1909f56bfc062723c751e8b465ee728b)
Start importing Assets/Art/Prefabs/TrForeground.prefab using Guid(e607286ed593e46ea912e9d897df4e7c) Importer(815301076,1909f56bfc062723c751e8b465ee728b)  -> (artifact id: 'fed1c9f5df16b49fcf641e4c96c94b97') in 0.005095 seconds 
  Import took 0.007961 seconds .

========================================================================
Received Import Request.
  Time since last request: 29.298882 seconds.
  path: Assets/Art/Prefabs/TreeForeground (1).prefab
  artifactKey: Guid(06f7b0ff1ef0e44dd842bc9d96069e59) Importer(815301076,1909f56bfc062723c751e8b465ee728b)
Start importing Assets/Art/Prefabs/TreeForeground (1).prefab using Guid(06f7b0ff1ef0e44dd842bc9d96069e59) Importer(815301076,1909f56bfc062723c751e8b465ee728b)  -> (artifact id: 'f93a6237a15760c3472be6db025807c5') in 0.008635 seconds 
  Import took 0.011794 seconds .

========================================================================
Received Import Request.
  Time since last request: 5.214962 seconds.
  path: Assets/Art/Prefabs/TreeForeground (1).prefab
  artifactKey: Guid(06f7b0ff1ef0e44dd842bc9d96069e59) Importer(815301076,1909f56bfc062723c751e8b465ee728b)
Start importing Assets/Art/Prefabs/TreeForeground (1).prefab using Guid(06f7b0ff1ef0e44dd842bc9d96069e59) Importer(815301076,1909f56bfc062723c751e8b465ee728b)  -> (artifact id: '83d682eed2a90245e267c675d41d711c') in 0.007783 seconds 
  Import took 0.011058 seconds .

========================================================================
Received Import Request.
  Time since last request: 1.625508 seconds.
  path: Assets/Art/Prefabs/TreeForeground (1).prefab
  artifactKey: Guid(06f7b0ff1ef0e44dd842bc9d96069e59) Importer(815301076,1909f56bfc062723c751e8b465ee728b)
Start importing Assets/Art/Prefabs/TreeForeground (1).prefab using Guid(06f7b0ff1ef0e44dd842bc9d96069e59) Importer(815301076,1909f56bfc062723c751e8b465ee728b)  -> (artifact id: '548a0b4d7b49165f17297be2c7f82992') in 0.007790 seconds 
  Import took 0.010812 seconds .

========================================================================
Received Import Request.
  Time since last request: 1.799324 seconds.
  path: Assets/Art/Prefabs/TreeForeground (1).prefab
  artifactKey: Guid(06f7b0ff1ef0e44dd842bc9d96069e59) Importer(815301076,1909f56bfc062723c751e8b465ee728b)
Start importing Assets/Art/Prefabs/TreeForeground (1).prefab using Guid(06f7b0ff1ef0e44dd842bc9d96069e59) Importer(815301076,1909f56bfc062723c751e8b465ee728b)  -> (artifact id: '9ff6e27fd33ad5f5212574223b0db28c') in 0.010511 seconds 
  Import took 0.013488 seconds .

========================================================================
Received Import Request.
  Time since last request: 1.240229 seconds.
  path: Assets/Art/Prefabs/TreeForeground (1).prefab
  artifactKey: Guid(06f7b0ff1ef0e44dd842bc9d96069e59) Importer(815301076,1909f56bfc062723c751e8b465ee728b)
Start importing Assets/Art/Prefabs/TreeForeground (1).prefab using Guid(06f7b0ff1ef0e44dd842bc9d96069e59) Importer(815301076,1909f56bfc062723c751e8b465ee728b)  -> (artifact id: 'bd19e700f4ba51e9667b85fe385144e0') in 0.008238 seconds 
  Import took 0.011236 seconds .

========================================================================
Received Import Request.
  Time since last request: 25.591371 seconds.
  path: Assets/Art/Prefabs/TreeForeground (1).prefab
  artifactKey: Guid(06f7b0ff1ef0e44dd842bc9d96069e59) Importer(815301076,1909f56bfc062723c751e8b465ee728b)
Start importing Assets/Art/Prefabs/TreeForeground (1).prefab using Guid(06f7b0ff1ef0e44dd842bc9d96069e59) Importer(815301076,1909f56bfc062723c751e8b465ee728b)  -> (artifact id: '671cb64d128d8c2c5db76ebccce4cb18') in 0.007988 seconds 
  Import took 0.011127 seconds .

========================================================================
Received Import Request.
  Time since last request: 7.895115 seconds.
  path: Assets/Art/Prefabs/TreeForeground (1).prefab
  artifactKey: Guid(06f7b0ff1ef0e44dd842bc9d96069e59) Importer(815301076,1909f56bfc062723c751e8b465ee728b)
Start importing Assets/Art/Prefabs/TreeForeground (1).prefab using Guid(06f7b0ff1ef0e44dd842bc9d96069e59) Importer(815301076,1909f56bfc062723c751e8b465ee728b)  -> (artifact id: 'f41089f678b19b664f57c78706cac1f2') in 0.011196 seconds 
  Import took 0.014147 seconds .

========================================================================
Received Import Request.
  Time since last request: 1.601359 seconds.
  path: Assets/Art/Prefabs/TreeForeground (1).prefab
  artifactKey: Guid(06f7b0ff1ef0e44dd842bc9d96069e59) Importer(815301076,1909f56bfc062723c751e8b465ee728b)
Start importing Assets/Art/Prefabs/TreeForeground (1).prefab using Guid(06f7b0ff1ef0e44dd842bc9d96069e59) Importer(815301076,1909f56bfc062723c751e8b465ee728b)  -> (artifact id: 'a96e71ae8f91ad05dc74f7f5fcb69b64') in 0.007764 seconds 
  Import took 0.010870 seconds .

========================================================================
Received Import Request.
  Time since last request: 2.013163 seconds.
  path: Assets/Art/Prefabs/TreeForeground (1).prefab
  artifactKey: Guid(06f7b0ff1ef0e44dd842bc9d96069e59) Importer(815301076,1909f56bfc062723c751e8b465ee728b)
Start importing Assets/Art/Prefabs/TreeForeground (1).prefab using Guid(06f7b0ff1ef0e44dd842bc9d96069e59) Importer(815301076,1909f56bfc062723c751e8b465ee728b)  -> (artifact id: '38c2ed784371f0c3beebfc20a246994b') in 0.008102 seconds 
  Import took 0.011032 seconds .

========================================================================
Received Import Request.
  Time since last request: 2.241693 seconds.
  path: Assets/Art/Prefabs/TreeForeground (1).prefab
  artifactKey: Guid(06f7b0ff1ef0e44dd842bc9d96069e59) Importer(815301076,1909f56bfc062723c751e8b465ee728b)
Start importing Assets/Art/Prefabs/TreeForeground (1).prefab using Guid(06f7b0ff1ef0e44dd842bc9d96069e59) Importer(815301076,1909f56bfc062723c751e8b465ee728b)  -> (artifact id: '1e9645282d38b65471325cd47a4f4d6f') in 0.008519 seconds 
  Import took 0.011520 seconds .

========================================================================
Received Import Request.
  Time since last request: 1.204712 seconds.
  path: Assets/Art/Prefabs/TreeForeground (1).prefab
  artifactKey: Guid(06f7b0ff1ef0e44dd842bc9d96069e59) Importer(815301076,1909f56bfc062723c751e8b465ee728b)
Start importing Assets/Art/Prefabs/TreeForeground (1).prefab using Guid(06f7b0ff1ef0e44dd842bc9d96069e59) Importer(815301076,1909f56bfc062723c751e8b465ee728b)  -> (artifact id: '57f936d9aba6e251a2985a8530234ed1') in 0.008102 seconds 
  Import took 0.011125 seconds .

========================================================================
Received Import Request.
  Time since last request: 1.015381 seconds.
  path: Assets/Art/Prefabs/TreeForeground (1).prefab
  artifactKey: Guid(06f7b0ff1ef0e44dd842bc9d96069e59) Importer(815301076,1909f56bfc062723c751e8b465ee728b)
Start importing Assets/Art/Prefabs/TreeForeground (1).prefab using Guid(06f7b0ff1ef0e44dd842bc9d96069e59) Importer(815301076,1909f56bfc062723c751e8b465ee728b)  -> (artifact id: '46a1d1568fb96fa2e92d9bb9c398db5b') in 0.008040 seconds 
  Import took 0.011054 seconds .

========================================================================
Received Import Request.
  Time since last request: 9.559189 seconds.
  path: Assets/Art/Prefabs/TreeForeground (1).prefab
  artifactKey: Guid(06f7b0ff1ef0e44dd842bc9d96069e59) Importer(815301076,1909f56bfc062723c751e8b465ee728b)
Start importing Assets/Art/Prefabs/TreeForeground (1).prefab using Guid(06f7b0ff1ef0e44dd842bc9d96069e59) Importer(815301076,1909f56bfc062723c751e8b465ee728b)  -> (artifact id: 'efdc89a989f291d4574fffe7acae6a47') in 0.008312 seconds 
  Import took 0.011388 seconds .

========================================================================
Received Import Request.
  Time since last request: 16.125089 seconds.
  path: Assets/Art/Prefabs/TreeForeground (1).prefab
  artifactKey: Guid(06f7b0ff1ef0e44dd842bc9d96069e59) Importer(815301076,1909f56bfc062723c751e8b465ee728b)
Start importing Assets/Art/Prefabs/TreeForeground (1).prefab using Guid(06f7b0ff1ef0e44dd842bc9d96069e59) Importer(815301076,1909f56bfc062723c751e8b465ee728b)  -> (artifact id: '878b67346352a07e4700667f9ab08b3c') in 0.007796 seconds 
  Import took 0.010849 seconds .

========================================================================
Received Import Request.
  Time since last request: 2.826251 seconds.
  path: Assets/Art/Prefabs/TreeForeground (1).prefab
  artifactKey: Guid(06f7b0ff1ef0e44dd842bc9d96069e59) Importer(815301076,1909f56bfc062723c751e8b465ee728b)
Start importing Assets/Art/Prefabs/TreeForeground (1).prefab using Guid(06f7b0ff1ef0e44dd842bc9d96069e59) Importer(815301076,1909f56bfc062723c751e8b465ee728b)  -> (artifact id: '12fb1247ad47f1644578e0a5cd0ddf41') in 0.007647 seconds 
  Import took 0.010657 seconds .

========================================================================
Received Import Request.
  Time since last request: 0.794217 seconds.
  path: Assets/Art/Prefabs/TreeForeground (1).prefab
  artifactKey: Guid(06f7b0ff1ef0e44dd842bc9d96069e59) Importer(815301076,1909f56bfc062723c751e8b465ee728b)
Start importing Assets/Art/Prefabs/TreeForeground (1).prefab using Guid(06f7b0ff1ef0e44dd842bc9d96069e59) Importer(815301076,1909f56bfc062723c751e8b465ee728b)  -> (artifact id: '2fd4ad0d2f8fb6791782df1999b6cc39') in 0.007733 seconds 
  Import took 0.010735 seconds .

========================================================================
Received Import Request.
  Time since last request: 0.998085 seconds.
  path: Assets/Art/Prefabs/TreeForeground (1).prefab
  artifactKey: Guid(06f7b0ff1ef0e44dd842bc9d96069e59) Importer(815301076,1909f56bfc062723c751e8b465ee728b)
Start importing Assets/Art/Prefabs/TreeForeground (1).prefab using Guid(06f7b0ff1ef0e44dd842bc9d96069e59) Importer(815301076,1909f56bfc062723c751e8b465ee728b)  -> (artifact id: '158b003e47eefd26f21f77b07ec1a898') in 0.008045 seconds 
  Import took 0.011117 seconds .

========================================================================
Received Import Request.
  Time since last request: 0.598759 seconds.
  path: Assets/Art/Prefabs/TreeForeground (1).prefab
  artifactKey: Guid(06f7b0ff1ef0e44dd842bc9d96069e59) Importer(815301076,1909f56bfc062723c751e8b465ee728b)
Start importing Assets/Art/Prefabs/TreeForeground (1).prefab using Guid(06f7b0ff1ef0e44dd842bc9d96069e59) Importer(815301076,1909f56bfc062723c751e8b465ee728b)  -> (artifact id: '371954f24759b1ba22bb73c05ca63847') in 0.007721 seconds 
  Import took 0.010670 seconds .

========================================================================
Received Import Request.
  Time since last request: 0.994804 seconds.
  path: Assets/Art/Prefabs/TreeForeground (1).prefab
  artifactKey: Guid(06f7b0ff1ef0e44dd842bc9d96069e59) Importer(815301076,1909f56bfc062723c751e8b465ee728b)
Start importing Assets/Art/Prefabs/TreeForeground (1).prefab using Guid(06f7b0ff1ef0e44dd842bc9d96069e59) Importer(815301076,1909f56bfc062723c751e8b465ee728b)  -> (artifact id: '7c3ecbddf277147afa6885efeada88c8') in 0.007792 seconds 
  Import took 0.010866 seconds .

========================================================================
Received Import Request.
  Time since last request: 1.009674 seconds.
  path: Assets/Art/Prefabs/TreeForeground (1).prefab
  artifactKey: Guid(06f7b0ff1ef0e44dd842bc9d96069e59) Importer(815301076,1909f56bfc062723c751e8b465ee728b)
Start importing Assets/Art/Prefabs/TreeForeground (1).prefab using Guid(06f7b0ff1ef0e44dd842bc9d96069e59) Importer(815301076,1909f56bfc062723c751e8b465ee728b)  -> (artifact id: 'a3dcc52a11b00dcc12e3a322d21bcbfa') in 0.008737 seconds 
  Import took 0.011915 seconds .

========================================================================
Received Import Request.
  Time since last request: 0.388368 seconds.
  path: Assets/Art/Prefabs/TreeForeground (1).prefab
  artifactKey: Guid(06f7b0ff1ef0e44dd842bc9d96069e59) Importer(815301076,1909f56bfc062723c751e8b465ee728b)
Start importing Assets/Art/Prefabs/TreeForeground (1).prefab using Guid(06f7b0ff1ef0e44dd842bc9d96069e59) Importer(815301076,1909f56bfc062723c751e8b465ee728b)  -> (artifact id: '5eedc6d5f8f6d993855594334d083223') in 0.008217 seconds 
  Import took 0.011508 seconds .

========================================================================
Received Import Request.
  Time since last request: 1.609321 seconds.
  path: Assets/Art/Prefabs/TreeForeground (1).prefab
  artifactKey: Guid(06f7b0ff1ef0e44dd842bc9d96069e59) Importer(815301076,1909f56bfc062723c751e8b465ee728b)
Start importing Assets/Art/Prefabs/TreeForeground (1).prefab using Guid(06f7b0ff1ef0e44dd842bc9d96069e59) Importer(815301076,1909f56bfc062723c751e8b465ee728b)  -> (artifact id: 'bd9fa99761443ff0f4afeb58e14105bf') in 0.007621 seconds 
  Import took 0.010575 seconds .

========================================================================
Received Import Request.
  Time since last request: 1.007695 seconds.
  path: Assets/Art/Prefabs/TreeForeground (1).prefab
  artifactKey: Guid(06f7b0ff1ef0e44dd842bc9d96069e59) Importer(815301076,1909f56bfc062723c751e8b465ee728b)
Start importing Assets/Art/Prefabs/TreeForeground (1).prefab using Guid(06f7b0ff1ef0e44dd842bc9d96069e59) Importer(815301076,1909f56bfc062723c751e8b465ee728b)  -> (artifact id: 'c06b2ce0de484e9c2158aabaf09302a0') in 0.008425 seconds 
  Import took 0.011579 seconds .

========================================================================
Received Import Request.
  Time since last request: 0.794122 seconds.
  path: Assets/Art/Prefabs/TreeForeground (1).prefab
  artifactKey: Guid(06f7b0ff1ef0e44dd842bc9d96069e59) Importer(815301076,1909f56bfc062723c751e8b465ee728b)
Start importing Assets/Art/Prefabs/TreeForeground (1).prefab using Guid(06f7b0ff1ef0e44dd842bc9d96069e59) Importer(815301076,1909f56bfc062723c751e8b465ee728b)  -> (artifact id: '8503ad082cb8a5e0318890fc303da5de') in 0.007909 seconds 
  Import took 0.010893 seconds .

========================================================================
Received Import Request.
  Time since last request: 0.592646 seconds.
  path: Assets/Art/Prefabs/TreeForeground (1).prefab
  artifactKey: Guid(06f7b0ff1ef0e44dd842bc9d96069e59) Importer(815301076,1909f56bfc062723c751e8b465ee728b)
Start importing Assets/Art/Prefabs/TreeForeground (1).prefab using Guid(06f7b0ff1ef0e44dd842bc9d96069e59) Importer(815301076,1909f56bfc062723c751e8b465ee728b)  -> (artifact id: '32f5eea34fb81d655455ac810d7be1d7') in 0.007603 seconds 
  Import took 0.010629 seconds .

========================================================================
Received Import Request.
  Time since last request: 1.205134 seconds.
  path: Assets/Art/Prefabs/TreeForeground (1).prefab
  artifactKey: Guid(06f7b0ff1ef0e44dd842bc9d96069e59) Importer(815301076,1909f56bfc062723c751e8b465ee728b)
Start importing Assets/Art/Prefabs/TreeForeground (1).prefab using Guid(06f7b0ff1ef0e44dd842bc9d96069e59) Importer(815301076,1909f56bfc062723c751e8b465ee728b)  -> (artifact id: 'f8a769a2f6b6bc0e115e8d4501d51263') in 0.007858 seconds 
  Import took 0.010957 seconds .

========================================================================
Received Import Request.
  Time since last request: 1.401499 seconds.
  path: Assets/Art/Prefabs/TreeForeground (1).prefab
  artifactKey: Guid(06f7b0ff1ef0e44dd842bc9d96069e59) Importer(815301076,1909f56bfc062723c751e8b465ee728b)
Start importing Assets/Art/Prefabs/TreeForeground (1).prefab using Guid(06f7b0ff1ef0e44dd842bc9d96069e59) Importer(815301076,1909f56bfc062723c751e8b465ee728b)  -> (artifact id: 'b610fa48f5111938d3d4d8c8a366b6b1') in 0.007809 seconds 
  Import took 0.010811 seconds .

========================================================================
Received Import Request.
  Time since last request: 0.610341 seconds.
  path: Assets/Art/Prefabs/TreeForeground (1).prefab
  artifactKey: Guid(06f7b0ff1ef0e44dd842bc9d96069e59) Importer(815301076,1909f56bfc062723c751e8b465ee728b)
Start importing Assets/Art/Prefabs/TreeForeground (1).prefab using Guid(06f7b0ff1ef0e44dd842bc9d96069e59) Importer(815301076,1909f56bfc062723c751e8b465ee728b)  -> (artifact id: '01d7a194ce4249746fc3da49ca0ef686') in 0.009234 seconds 
  Import took 0.012279 seconds .

========================================================================
Received Import Request.
  Time since last request: 2.199230 seconds.
  path: Assets/Art/Prefabs/TreeForeground (1).prefab
  artifactKey: Guid(06f7b0ff1ef0e44dd842bc9d96069e59) Importer(815301076,1909f56bfc062723c751e8b465ee728b)
Start importing Assets/Art/Prefabs/TreeForeground (1).prefab using Guid(06f7b0ff1ef0e44dd842bc9d96069e59) Importer(815301076,1909f56bfc062723c751e8b465ee728b)  -> (artifact id: '1334fd587b17c824d3b6435777bd3e93') in 0.008397 seconds 
  Import took 0.011660 seconds .

========================================================================
Received Import Request.
  Time since last request: 177.091910 seconds.
  path: Assets/Art/Prefabs/TreeShadow.prefab
  artifactKey: Guid(cc31df2a886bf46a98385ca391b509cf) Importer(815301076,1909f56bfc062723c751e8b465ee728b)
Start importing Assets/Art/Prefabs/TreeShadow.prefab using Guid(cc31df2a886bf46a98385ca391b509cf) Importer(815301076,1909f56bfc062723c751e8b465ee728b)  -> (artifact id: 'b20b2c4067d8a174f5d457030f443e95') in 0.008297 seconds 
  Import took 0.011291 seconds .

========================================================================
Received Prepare
Registering precompiled user dll's ...
Registered in 0.003410 seconds.
Begin MonoManager ReloadAssembly
Native extension for OSXStandalone target not found
Refreshing native plugins compatible for Editor in 0.45 ms, found 3 plugins.
Preloading 0 native plugins for Editor in 0.00 ms.
Mono: successfully reloaded assembly
- Completed reload, in  0.988 seconds
Domain Reload Profiling:
	ReloadAssembly (988ms)
		BeginReloadAssembly (101ms)
			ExecutionOrderSort (0ms)
			DisableScriptedObjects (5ms)
			BackupInstance (0ms)
			ReleaseScriptingObjects (0ms)
			CreateAndSetChildDomain (50ms)
		EndReloadAssembly (832ms)
			LoadAssemblies (62ms)
			RebuildTransferFunctionScriptingTraits (0ms)
			SetupTypeCache (301ms)
			ReleaseScriptCaches (1ms)
			RebuildScriptCaches (48ms)
			SetupLoadedEditorAssemblies (311ms)
				LogAssemblyErrors (0ms)
				InitializePlatformSupportModulesInManaged (4ms)
				SetLoadedEditorAssemblies (0ms)
				RefreshPlugins (0ms)
				BeforeProcessingInitializeOnLoad (103ms)
				ProcessInitializeOnLoadAttributes (192ms)
				ProcessInitializeOnLoadMethodAttributes (10ms)
				AfterProcessingInitializeOnLoad (1ms)
				EditorAssembliesLoaded (0ms)
			ExecutionOrderSort2 (0ms)
			AwakeInstancesAfterBackupRestoration (8ms)
Platform modules already initialized, skipping
Refreshing native plugins compatible for Editor in 0.42 ms, found 3 plugins.
Preloading 0 native plugins for Editor in 0.00 ms.
Unloading 2345 Unused Serialized files (Serialized files now loaded: 0)
System memory in use before: 225.4 MB.
System memory in use after: 225.5 MB.

Unloading 24 unused Assets to reduce memory usage. Loaded Objects now: 2841.
Total: 2.498959 ms (FindLiveObjects: 0.160107 ms CreateObjectMapping: 0.089910 ms MarkObjects: 2.166936 ms  DeleteObjects: 0.081418 ms)

AssetImportParameters requested are different than current active one (requested -> active):
  custom:video-decoder-ogg-theora: a1e56fd34408186e4bbccfd4996cb3dc -> 
  custom:container-muxer-webm: aa71ff27fc2769a1b78a27578f13a17b -> 
  custom:container-demuxer-webm: 4f35f7cbe854078d1ac9338744f61a02 -> 
  custom:container-demuxer-ogg: 62fdf1f143b41e24485cea50d1cbac27 -> 
  custom:video-encoder-webm-vp8: eb34c28f22e8b96e1ab97ce403110664 -> 
  custom:framework-osx-AVFoundation: e770b220cccbd017edd2c1fefb359320 -> 
  custom:video-decoder-webm-vp8: 9c59270c3fd7afecdb556c50c9e8de78 -> 
  custom:audio-decoder-ogg-vorbis: bf7c407c2cedff20999df2af8eb42d56 -> 
  custom:audio-encoder-webm-vorbis: bf7c407c2cedff20999df2af8eb42d56 -> 
AssetImportWorkerClient::OnTransportError - code=2 error=End of file
